[1.043s] DEBUG:colcon:Command line arguments: ['/usr/bin/colcon', 'build']
[1.043s] DEBUG:colcon:Parsed command line arguments: Namespace(log_base=None, log_level=None, verb_name='build', build_base='build', install_base='install', merge_install=False, symlink_install=False, test_result_base=None, continue_on_error=False, executor='parallel', parallel_workers=16, event_handlers=None, ignore_user_meta=False, metas=['./colcon.meta'], base_paths=['.'], packages_ignore=None, packages_ignore_regex=None, paths=None, packages_up_to=None, packages_up_to_regex=None, packages_above=None, packages_above_and_dependencies=None, packages_above_depth=None, packages_select_by_dep=None, packages_skip_by_dep=None, packages_skip_up_to=None, packages_select_build_failed=False, packages_skip_build_finished=False, packages_select_test_failures=False, packages_skip_test_passed=False, packages_select=None, packages_skip=None, packages_select_regex=None, packages_skip_regex=None, packages_start=None, packages_end=None, cmake_args=None, cmake_target=None, cmake_target_skip_unavailable=False, cmake_clean_cache=False, cmake_clean_first=False, cmake_force_configure=False, ament_cmake_args=None, catkin_cmake_args=None, catkin_skip_building_tests=False, mixin_files=None, mixin=None, verb_parser=<colcon_mixin.mixin.mixin_argument.MixinArgumentDecorator object at 0x7fa3264a3070>, verb_extension=<colcon_core.verb.build.BuildVerb object at 0x7fa3264a3850>, main=<bound method BuildVerb.main of <colcon_core.verb.build.BuildVerb object at 0x7fa3264a3850>>, mixin_verb=('build',))
[1.083s] Level 1:colcon.colcon_core.package_discovery:discover_packages(colcon_meta) check parameters
[1.084s] INFO:colcon.colcon_metadata.package_discovery.colcon_meta:Using configuration from '/root/.colcon/metadata/default/Gazebo.meta'
[1.084s] INFO:colcon.colcon_metadata.package_discovery.colcon_meta:Using configuration from '/root/.colcon/metadata/default/fastrtps.meta'
[1.085s] Level 1:colcon.colcon_core.package_discovery:discover_packages(recursive) check parameters
[1.085s] Level 1:colcon.colcon_core.package_discovery:discover_packages(ignore) check parameters
[1.085s] Level 1:colcon.colcon_core.package_discovery:discover_packages(path) check parameters
[1.085s] Level 1:colcon.colcon_core.package_discovery:discover_packages(colcon_meta) discover
[1.085s] Level 1:colcon.colcon_core.package_discovery:discover_packages(recursive) discover
[1.085s] INFO:colcon.colcon_core.package_discovery:Crawling recursively for packages in '/workspace/referee_serial'
[1.085s] Level 1:colcon.colcon_core.package_identification:_identify(.) by extensions ['ignore', 'ignore_ament_install']
[1.085s] Level 1:colcon.colcon_core.package_identification:_identify(.) by extension 'ignore'
[1.085s] Level 1:colcon.colcon_core.package_identification:_identify(.) by extension 'ignore_ament_install'
[1.085s] Level 1:colcon.colcon_core.package_identification:_identify(.) by extensions ['colcon_pkg']
[1.085s] Level 1:colcon.colcon_core.package_identification:_identify(.) by extension 'colcon_pkg'
[1.085s] Level 1:colcon.colcon_core.package_identification:_identify(.) by extensions ['colcon_meta']
[1.086s] Level 1:colcon.colcon_core.package_identification:_identify(.) by extension 'colcon_meta'
[1.086s] Level 1:colcon.colcon_core.package_identification:_identify(.) by extensions ['ros']
[1.086s] Level 1:colcon.colcon_core.package_identification:_identify(.) by extension 'ros'
[1.101s] DEBUG:colcon.colcon_core.package_identification:Package '.' with type 'ros.ament_cmake' and name 'referee_serial'
[1.101s] Level 1:colcon.colcon_core.package_discovery:discover_packages(recursive) using defaults
[1.101s] Level 1:colcon.colcon_core.package_discovery:discover_packages(ignore) discover
[1.101s] Level 1:colcon.colcon_core.package_discovery:discover_packages(ignore) using defaults
[1.101s] Level 1:colcon.colcon_core.package_discovery:discover_packages(path) discover
[1.101s] Level 1:colcon.colcon_core.package_discovery:discover_packages(path) using defaults
[1.168s] Level 5:colcon.colcon_core.verb:set package 'referee_serial' build argument 'cmake_args' from command line to 'None'
[1.169s] Level 5:colcon.colcon_core.verb:set package 'referee_serial' build argument 'cmake_target' from command line to 'None'
[1.169s] Level 5:colcon.colcon_core.verb:set package 'referee_serial' build argument 'cmake_target_skip_unavailable' from command line to 'False'
[1.169s] Level 5:colcon.colcon_core.verb:set package 'referee_serial' build argument 'cmake_clean_cache' from command line to 'False'
[1.169s] Level 5:colcon.colcon_core.verb:set package 'referee_serial' build argument 'cmake_clean_first' from command line to 'False'
[1.169s] Level 5:colcon.colcon_core.verb:set package 'referee_serial' build argument 'cmake_force_configure' from command line to 'False'
[1.169s] Level 5:colcon.colcon_core.verb:set package 'referee_serial' build argument 'ament_cmake_args' from command line to 'None'
[1.169s] Level 5:colcon.colcon_core.verb:set package 'referee_serial' build argument 'catkin_cmake_args' from command line to 'None'
[1.169s] Level 5:colcon.colcon_core.verb:set package 'referee_serial' build argument 'catkin_skip_building_tests' from command line to 'False'
[1.169s] DEBUG:colcon.colcon_core.verb:Building package 'referee_serial' with the following arguments: {'ament_cmake_args': None, 'build_base': '/workspace/referee_serial/build/referee_serial', 'catkin_cmake_args': None, 'catkin_skip_building_tests': False, 'cmake_args': None, 'cmake_clean_cache': False, 'cmake_clean_first': False, 'cmake_force_configure': False, 'cmake_target': None, 'cmake_target_skip_unavailable': False, 'install_base': '/workspace/referee_serial/install/referee_serial', 'merge_install': False, 'path': '/workspace/referee_serial', 'symlink_install': False, 'test_result_base': None}
[1.180s] INFO:colcon.colcon_core.executor:Executing jobs using 'parallel' executor
[1.194s] DEBUG:colcon.colcon_parallel_executor.executor.parallel:run_until_complete
[1.195s] INFO:colcon.colcon_ros.task.ament_cmake.build:Building ROS package in '/workspace/referee_serial' with build type 'ament_cmake'
[1.195s] INFO:colcon.colcon_cmake.task.cmake.build:Building CMake package in '/workspace/referee_serial'
[1.212s] INFO:colcon.colcon_core.plugin_system:Skipping extension 'colcon_core.shell.bat': Not used on non-Windows systems
[1.212s] INFO:colcon.colcon_core.shell:Skip shell extension 'powershell' for command environment: Not usable outside of PowerShell
[1.213s] DEBUG:colcon.colcon_core.shell:Skip shell extension 'dsv' for command environment
[1.224s] WARNING:colcon.colcon_core.prefix_path.colcon:The path '/workspace/referee_serial/src/install' in the environment variable COLCON_PREFIX_PATH doesn't exist
[1.224s] WARNING:colcon.colcon_ros.prefix_path.ament:The path '/workspace/referee_serial/src/install/referee_serial' in the environment variable AMENT_PREFIX_PATH doesn't exist
[1.224s] WARNING:colcon.colcon_ros.prefix_path.ament:The path '/workspace/referee_serial/src/install/serial' in the environment variable AMENT_PREFIX_PATH doesn't exist
[1.225s] WARNING:colcon.colcon_ros.prefix_path.catkin:The path '/workspace/referee_serial/src/install/referee_serial' in the environment variable CMAKE_PREFIX_PATH doesn't exist
[1.225s] WARNING:colcon.colcon_ros.prefix_path.catkin:The path '/workspace/referee_serial/src/install/serial' in the environment variable CMAKE_PREFIX_PATH doesn't exist
[1.255s] DEBUG:colcon.colcon_core.event_handler.log_command:Invoking command in '/workspace/referee_serial/build/referee_serial': CMAKE_PREFIX_PATH=${CMAKE_PREFIX_PATH}:/opt/ros/humble /usr/bin/cmake /workspace/referee_serial -DCMAKE_INSTALL_PREFIX=/workspace/referee_serial/install/referee_serial
[1.261s] DEBUG:colcon.colcon_core.event_handler.log_command:Invoked command in '/workspace/referee_serial/build/referee_serial' returned '1': CMAKE_PREFIX_PATH=${CMAKE_PREFIX_PATH}:/opt/ros/humble /usr/bin/cmake /workspace/referee_serial -DCMAKE_INSTALL_PREFIX=/workspace/referee_serial/install/referee_serial
[1.272s] DEBUG:colcon.colcon_parallel_executor.executor.parallel:closing loop
[1.273s] DEBUG:colcon.colcon_parallel_executor.executor.parallel:loop closed
[1.273s] DEBUG:colcon.colcon_parallel_executor.executor.parallel:run_until_complete finished with 'argument of type 'NoneType' is not iterable'
[1.274s] DEBUG:colcon.colcon_core.event_reactor:joining thread
[1.293s] INFO:colcon.colcon_core.plugin_system:Skipping extension 'colcon_notification.desktop_notification.notify_send': Could not find 'notify-send'
[1.294s] INFO:colcon.colcon_core.plugin_system:Skipping extension 'colcon_notification.desktop_notification.terminal_notifier': Not used on non-Darwin systems
[1.294s] INFO:colcon.colcon_core.plugin_system:Skipping extension 'colcon_notification.desktop_notification.win32': Not used on non-Windows systems
[1.294s] INFO:colcon.colcon_notification.desktop_notification:Sending desktop notification using 'notify2'
[1.294s] DEBUG:colcon.colcon_notification.desktop_notification.notify2:Failed to initialize notify2: org.freedesktop.DBus.Error.InvalidFileContent: D-Bus library appears to be incorrectly set up: see the manual page for dbus-uuidgen to correct this issue. (Failed to open "/var/lib/dbus/machine-id": No such file or directory; UUID file '/etc/machine-id' should contain a hex string of length 32, not length 0, with no other text)
[1.294s] DEBUG:colcon.colcon_core.event_reactor:joined thread
[1.306s] INFO:colcon.colcon_core.shell:Creating prefix script '/workspace/referee_serial/install/local_setup.ps1'
[1.307s] INFO:colcon.colcon_core.shell:Creating prefix util module '/workspace/referee_serial/install/_local_setup_util_ps1.py'
[1.309s] INFO:colcon.colcon_core.shell:Creating prefix chain script '/workspace/referee_serial/install/setup.ps1'
[1.325s] INFO:colcon.colcon_core.shell:Creating prefix script '/workspace/referee_serial/install/local_setup.sh'
[1.326s] INFO:colcon.colcon_core.shell:Creating prefix util module '/workspace/referee_serial/install/_local_setup_util_sh.py'
[1.327s] INFO:colcon.colcon_core.shell:Creating prefix chain script '/workspace/referee_serial/install/setup.sh'
[1.342s] INFO:colcon.colcon_core.shell:Creating prefix script '/workspace/referee_serial/install/local_setup.bash'
[1.343s] INFO:colcon.colcon_core.shell:Creating prefix chain script '/workspace/referee_serial/install/setup.bash'
[1.355s] INFO:colcon.colcon_core.shell:Creating prefix script '/workspace/referee_serial/install/local_setup.zsh'
[1.356s] INFO:colcon.colcon_core.shell:Creating prefix chain script '/workspace/referee_serial/install/setup.zsh'
