-- The C compiler identification is GNU 11.4.0
-- The CXX compiler identification is GNU 11.4.0
-- Detecting C compiler ABI info
-- Detecting C compiler ABI info - done
-- Check for working C compiler: /usr/bin/cc - skipped
-- Detecting C compile features
-- Detecting C compile features - done
-- Detecting CXX compiler ABI info
-- Detecting CXX compiler ABI info - done
-- Check for working CXX compiler: /usr/bin/c++ - skipped
-- Detecting CXX compile features
-- Detecting CXX compile features - done
-- Found ament_cmake_auto: 1.3.8 (/opt/ros/humble/share/ament_cmake_auto/cmake)
-- Found Python3: /usr/bin/python3 (found version "3.10.12") found components: Interpreter 
-- Override CMake install command with custom implementation using symlinks instead of copying resources
-- Found rosidl_generator_c: 3.1.5 (/opt/ros/humble/share/rosidl_generator_c/cmake)
-- Found rosidl_adapter: 3.1.5 (/opt/ros/humble/share/rosidl_adapter/cmake)
-- Found rosidl_generator_cpp: 3.1.5 (/opt/ros/humble/share/rosidl_generator_cpp/cmake)
-- Using all available rosidl_typesupport_c: rosidl_typesupport_fastrtps_c;rosidl_typesupport_introspection_c
-- Using all available rosidl_typesupport_cpp: rosidl_typesupport_fastrtps_cpp;rosidl_typesupport_introspection_cpp
-- Found rmw_implementation_cmake: 6.1.1 (/opt/ros/humble/share/rmw_implementation_cmake/cmake)
-- Found rmw_fastrtps_cpp: 6.2.6 (/opt/ros/humble/share/rmw_fastrtps_cpp/cmake)
-- Found OpenSSL: /usr/lib/x86_64-linux-gnu/libcrypto.so (found version "3.0.2")  
-- Found FastRTPS: /opt/ros/humble/include  
-- Using RMW implementation 'rmw_fastrtps_cpp' as default
-- Looking for pthread.h
-- Looking for pthread.h - found
-- Performing Test CMAKE_HAVE_LIBC_PTHREAD
-- Performing Test CMAKE_HAVE_LIBC_PTHREAD - Success
-- Found Threads: TRUE  
-- Configuring done
-- Generating done
-- Build files have been written to: /workspace/referee_serial/build/referee-serial
[ 50%] [32mBuilding CXX object CMakeFiles/referee-serial.dir/src/referee_serial.cpp.o[0m
[100%] [32m[1mLinking CXX executable referee-serial[0m
[100%] Built target referee-serial
-- Install configuration: ""
-- Execute custom install script
-- Symlinking: /workspace/referee_serial/install/referee-serial/lib/referee-serial/referee-serial
-- Symlinking: /workspace/referee_serial/install/referee-serial/share/ament_index/resource_index/package_run_dependencies/referee-serial
-- Symlinking: /workspace/referee_serial/install/referee-serial/share/ament_index/resource_index/parent_prefix_path/referee-serial
-- Symlinking: /workspace/referee_serial/install/referee-serial/share/referee-serial/environment/ament_prefix_path.sh
-- Symlinking: /workspace/referee_serial/install/referee-serial/share/referee-serial/environment/ament_prefix_path.dsv
-- Symlinking: /workspace/referee_serial/install/referee-serial/share/referee-serial/environment/path.sh
-- Symlinking: /workspace/referee_serial/install/referee-serial/share/referee-serial/environment/path.dsv
-- Symlinking: /workspace/referee_serial/install/referee-serial/share/referee-serial/local_setup.bash
-- Symlinking: /workspace/referee_serial/install/referee-serial/share/referee-serial/local_setup.sh
-- Symlinking: /workspace/referee_serial/install/referee-serial/share/referee-serial/local_setup.zsh
-- Symlinking: /workspace/referee_serial/install/referee-serial/share/referee-serial/local_setup.dsv
-- Symlinking: /workspace/referee_serial/install/referee-serial/share/referee-serial/package.dsv
-- Symlinking: /workspace/referee_serial/install/referee-serial/share/ament_index/resource_index/packages/referee-serial
-- Symlinking: /workspace/referee_serial/install/referee-serial/share/referee-serial/cmake/ament_cmake_export_dependencies-extras.cmake
-- Symlinking: /workspace/referee_serial/install/referee-serial/share/referee-serial/cmake/ament_cmake_export_include_directories-extras.cmake
-- Symlinking: /workspace/referee_serial/install/referee-serial/share/referee-serial/cmake/referee-serialConfig.cmake
-- Symlinking: /workspace/referee_serial/install/referee-serial/share/referee-serial/cmake/referee-serialConfig-version.cmake
-- Symlinking: /workspace/referee_serial/install/referee-serial/share/referee-serial/package.xml
