[0.039s] Invoking command in '/workspace/referee_serial/build/referee-serial': AMENT_PREFIX_PATH=/workspace/referee_serial/install/serial:${AMENT_PREFIX_PATH} CMAKE_PREFIX_PATH=/workspace/referee_serial/install/serial:/workspace/referee_serial/src/install/referee_serial:/workspace/referee_serial/src/install/serial:/opt/ros/humble LD_LIBRARY_PATH=/workspace/referee_serial/install/serial/lib:${LD_LIBRARY_PATH} /usr/bin/cmake /workspace/referee_serial/src/referee-serial -DAMENT_CMAKE_SYMLINK_INSTALL=1 -DCMAKE_INSTALL_PREFIX=/workspace/referee_serial/install/referee-serial
[0.091s] -- The C compiler identification is GNU 11.4.0
[0.146s] -- The CXX compiler identification is GNU 11.4.0
[0.154s] -- Detecting C compiler ABI info
[0.222s] -- Detecting C compiler ABI info - done
[0.230s] -- Check for working C compiler: /usr/bin/cc - skipped
[0.230s] -- Detecting C compile features
[0.230s] -- Detecting C compile features - done
[0.234s] -- Detecting CXX compiler ABI info
[0.310s] -- Detecting CXX compiler ABI info - done
[0.318s] -- Check for working CXX compiler: /usr/bin/c++ - skipped
[0.319s] -- Detecting CXX compile features
[0.319s] -- Detecting CXX compile features - done
[0.320s] -- Found ament_cmake_auto: 1.3.8 (/opt/ros/humble/share/ament_cmake_auto/cmake)
[0.451s] -- Found Python3: /usr/bin/python3 (found version "3.10.12") found components: Interpreter 
[0.523s] -- Override CMake install command with custom implementation using symlinks instead of copying resources
[0.642s] -- Found rosidl_generator_c: 3.1.5 (/opt/ros/humble/share/rosidl_generator_c/cmake)
[0.647s] -- Found rosidl_adapter: 3.1.5 (/opt/ros/humble/share/rosidl_adapter/cmake)
[0.655s] -- Found rosidl_generator_cpp: 3.1.5 (/opt/ros/humble/share/rosidl_generator_cpp/cmake)
[0.669s] -- Using all available rosidl_typesupport_c: rosidl_typesupport_fastrtps_c;rosidl_typesupport_introspection_c
[0.689s] -- Using all available rosidl_typesupport_cpp: rosidl_typesupport_fastrtps_cpp;rosidl_typesupport_introspection_cpp
[0.774s] -- Found rmw_implementation_cmake: 6.1.1 (/opt/ros/humble/share/rmw_implementation_cmake/cmake)
[0.777s] -- Found rmw_fastrtps_cpp: 6.2.6 (/opt/ros/humble/share/rmw_fastrtps_cpp/cmake)
[0.878s] -- Found OpenSSL: /usr/lib/x86_64-linux-gnu/libcrypto.so (found version "3.0.2")  
[0.892s] -- Found FastRTPS: /opt/ros/humble/include  
[0.932s] -- Using RMW implementation 'rmw_fastrtps_cpp' as default
[0.943s] -- Looking for pthread.h
[1.015s] -- Looking for pthread.h - found
[1.016s] -- Performing Test CMAKE_HAVE_LIBC_PTHREAD
[1.086s] -- Performing Test CMAKE_HAVE_LIBC_PTHREAD - Success
[1.088s] -- Found Threads: TRUE  
[1.475s] -- Configuring done
[1.492s] -- Generating done
[1.493s] -- Build files have been written to: /workspace/referee_serial/build/referee-serial
[1.504s] Invoked command in '/workspace/referee_serial/build/referee-serial' returned '0': AMENT_PREFIX_PATH=/workspace/referee_serial/install/serial:${AMENT_PREFIX_PATH} CMAKE_PREFIX_PATH=/workspace/referee_serial/install/serial:/workspace/referee_serial/src/install/referee_serial:/workspace/referee_serial/src/install/serial:/opt/ros/humble LD_LIBRARY_PATH=/workspace/referee_serial/install/serial/lib:${LD_LIBRARY_PATH} /usr/bin/cmake /workspace/referee_serial/src/referee-serial -DAMENT_CMAKE_SYMLINK_INSTALL=1 -DCMAKE_INSTALL_PREFIX=/workspace/referee_serial/install/referee-serial
[1.506s] Invoking command in '/workspace/referee_serial/build/referee-serial': AMENT_PREFIX_PATH=/workspace/referee_serial/install/serial:${AMENT_PREFIX_PATH} CMAKE_PREFIX_PATH=/workspace/referee_serial/install/serial:/workspace/referee_serial/src/install/referee_serial:/workspace/referee_serial/src/install/serial:/opt/ros/humble LD_LIBRARY_PATH=/workspace/referee_serial/install/serial/lib:${LD_LIBRARY_PATH} /usr/bin/cmake --build /workspace/referee_serial/build/referee-serial -- -j16 -l16
[1.556s] [ 50%] [32mBuilding CXX object CMakeFiles/referee-serial.dir/src/referee_serial.cpp.o[0m
[5.414s] [100%] [32m[1mLinking CXX executable referee-serial[0m
[5.586s] [100%] Built target referee-serial
[5.596s] Invoked command in '/workspace/referee_serial/build/referee-serial' returned '0': AMENT_PREFIX_PATH=/workspace/referee_serial/install/serial:${AMENT_PREFIX_PATH} CMAKE_PREFIX_PATH=/workspace/referee_serial/install/serial:/workspace/referee_serial/src/install/referee_serial:/workspace/referee_serial/src/install/serial:/opt/ros/humble LD_LIBRARY_PATH=/workspace/referee_serial/install/serial/lib:${LD_LIBRARY_PATH} /usr/bin/cmake --build /workspace/referee_serial/build/referee-serial -- -j16 -l16
[5.623s] Invoking command in '/workspace/referee_serial/build/referee-serial': AMENT_PREFIX_PATH=/workspace/referee_serial/install/serial:${AMENT_PREFIX_PATH} CMAKE_PREFIX_PATH=/workspace/referee_serial/install/serial:/workspace/referee_serial/src/install/referee_serial:/workspace/referee_serial/src/install/serial:/opt/ros/humble LD_LIBRARY_PATH=/workspace/referee_serial/install/serial/lib:${LD_LIBRARY_PATH} /usr/bin/cmake --install /workspace/referee_serial/build/referee-serial
[5.628s] -- Install configuration: ""
[5.629s] -- Execute custom install script
[5.629s] -- Symlinking: /workspace/referee_serial/install/referee-serial/lib/referee-serial/referee-serial
[5.639s] -- Symlinking: /workspace/referee_serial/install/referee-serial/share/ament_index/resource_index/package_run_dependencies/referee-serial
[5.647s] -- Symlinking: /workspace/referee_serial/install/referee-serial/share/ament_index/resource_index/parent_prefix_path/referee-serial
[5.654s] -- Symlinking: /workspace/referee_serial/install/referee-serial/share/referee-serial/environment/ament_prefix_path.sh
[5.663s] -- Symlinking: /workspace/referee_serial/install/referee-serial/share/referee-serial/environment/ament_prefix_path.dsv
[5.670s] -- Symlinking: /workspace/referee_serial/install/referee-serial/share/referee-serial/environment/path.sh
[5.679s] -- Symlinking: /workspace/referee_serial/install/referee-serial/share/referee-serial/environment/path.dsv
[5.686s] -- Symlinking: /workspace/referee_serial/install/referee-serial/share/referee-serial/local_setup.bash
[5.693s] -- Symlinking: /workspace/referee_serial/install/referee-serial/share/referee-serial/local_setup.sh
[5.702s] -- Symlinking: /workspace/referee_serial/install/referee-serial/share/referee-serial/local_setup.zsh
[5.710s] -- Symlinking: /workspace/referee_serial/install/referee-serial/share/referee-serial/local_setup.dsv
[5.718s] -- Symlinking: /workspace/referee_serial/install/referee-serial/share/referee-serial/package.dsv
[5.728s] -- Symlinking: /workspace/referee_serial/install/referee-serial/share/ament_index/resource_index/packages/referee-serial
[5.737s] -- Symlinking: /workspace/referee_serial/install/referee-serial/share/referee-serial/cmake/ament_cmake_export_dependencies-extras.cmake
[5.747s] -- Symlinking: /workspace/referee_serial/install/referee-serial/share/referee-serial/cmake/ament_cmake_export_include_directories-extras.cmake
[5.755s] -- Symlinking: /workspace/referee_serial/install/referee-serial/share/referee-serial/cmake/referee-serialConfig.cmake
[5.764s] -- Symlinking: /workspace/referee_serial/install/referee-serial/share/referee-serial/cmake/referee-serialConfig-version.cmake
[5.772s] -- Symlinking: /workspace/referee_serial/install/referee-serial/share/referee-serial/package.xml
[5.782s] Invoked command in '/workspace/referee_serial/build/referee-serial' returned '0': AMENT_PREFIX_PATH=/workspace/referee_serial/install/serial:${AMENT_PREFIX_PATH} CMAKE_PREFIX_PATH=/workspace/referee_serial/install/serial:/workspace/referee_serial/src/install/referee_serial:/workspace/referee_serial/src/install/serial:/opt/ros/humble LD_LIBRARY_PATH=/workspace/referee_serial/install/serial/lib:${LD_LIBRARY_PATH} /usr/bin/cmake --install /workspace/referee_serial/build/referee-serial
