[0.800s] DEBUG:colcon:Command line arguments: ['/usr/bin/colcon', 'build', '--symlink-install']
[0.800s] DEBUG:colcon:Parsed command line arguments: Namespace(log_base=None, log_level=None, verb_name='build', build_base='build', install_base='install', merge_install=False, symlink_install=True, test_result_base=None, continue_on_error=False, executor='parallel', parallel_workers=16, event_handlers=None, ignore_user_meta=False, metas=['./colcon.meta'], base_paths=['.'], packages_ignore=None, packages_ignore_regex=None, paths=None, packages_up_to=None, packages_up_to_regex=None, packages_above=None, packages_above_and_dependencies=None, packages_above_depth=None, packages_select_by_dep=None, packages_skip_by_dep=None, packages_skip_up_to=None, packages_select_build_failed=False, packages_skip_build_finished=False, packages_select_test_failures=False, packages_skip_test_passed=False, packages_select=None, packages_skip=None, packages_select_regex=None, packages_skip_regex=None, packages_start=None, packages_end=None, cmake_args=None, cmake_target=None, cmake_target_skip_unavailable=False, cmake_clean_cache=False, cmake_clean_first=False, cmake_force_configure=False, ament_cmake_args=None, catkin_cmake_args=None, catkin_skip_building_tests=False, mixin_files=None, mixin=None, verb_parser=<colcon_mixin.mixin.mixin_argument.MixinArgumentDecorator object at 0x7fd12e9ec280>, verb_extension=<colcon_core.verb.build.BuildVerb object at 0x7fd12e9ef820>, main=<bound method BuildVerb.main of <colcon_core.verb.build.BuildVerb object at 0x7fd12e9ef820>>, mixin_verb=('build',))
[0.832s] Level 1:colcon.colcon_core.package_discovery:discover_packages(colcon_meta) check parameters
[0.833s] INFO:colcon.colcon_metadata.package_discovery.colcon_meta:Using configuration from '/root/.colcon/metadata/default/Gazebo.meta'
[0.833s] INFO:colcon.colcon_metadata.package_discovery.colcon_meta:Using configuration from '/root/.colcon/metadata/default/fastrtps.meta'
[0.833s] Level 1:colcon.colcon_core.package_discovery:discover_packages(recursive) check parameters
[0.833s] Level 1:colcon.colcon_core.package_discovery:discover_packages(ignore) check parameters
[0.833s] Level 1:colcon.colcon_core.package_discovery:discover_packages(path) check parameters
[0.833s] Level 1:colcon.colcon_core.package_discovery:discover_packages(colcon_meta) discover
[0.833s] Level 1:colcon.colcon_core.package_discovery:discover_packages(recursive) discover
[0.833s] INFO:colcon.colcon_core.package_discovery:Crawling recursively for packages in '/workspace/referee_serial'
[0.833s] Level 1:colcon.colcon_core.package_identification:_identify(.) by extensions ['ignore', 'ignore_ament_install']
[0.834s] Level 1:colcon.colcon_core.package_identification:_identify(.) by extension 'ignore'
[0.834s] Level 1:colcon.colcon_core.package_identification:_identify(.) by extension 'ignore_ament_install'
[0.834s] Level 1:colcon.colcon_core.package_identification:_identify(.) by extensions ['colcon_pkg']
[0.834s] Level 1:colcon.colcon_core.package_identification:_identify(.) by extension 'colcon_pkg'
[0.834s] Level 1:colcon.colcon_core.package_identification:_identify(.) by extensions ['colcon_meta']
[0.834s] Level 1:colcon.colcon_core.package_identification:_identify(.) by extension 'colcon_meta'
[0.834s] Level 1:colcon.colcon_core.package_identification:_identify(.) by extensions ['ros']
[0.834s] Level 1:colcon.colcon_core.package_identification:_identify(.) by extension 'ros'
[0.844s] Level 1:colcon.colcon_core.package_identification:_identify(.) by extensions ['cmake', 'python']
[0.844s] Level 1:colcon.colcon_core.package_identification:_identify(.) by extension 'cmake'
[0.844s] Level 1:colcon.colcon_core.package_identification:_identify(.) by extension 'python'
[0.844s] Level 1:colcon.colcon_core.package_identification:_identify(.) by extensions ['python_setup_py']
[0.844s] Level 1:colcon.colcon_core.package_identification:_identify(.) by extension 'python_setup_py'
[0.844s] Level 1:colcon.colcon_core.package_identification:_identify(build) by extensions ['ignore', 'ignore_ament_install']
[0.844s] Level 1:colcon.colcon_core.package_identification:_identify(build) by extension 'ignore'
[0.844s] Level 1:colcon.colcon_core.package_identification:_identify(build) ignored
[0.845s] Level 1:colcon.colcon_core.package_identification:_identify(install) by extensions ['ignore', 'ignore_ament_install']
[0.845s] Level 1:colcon.colcon_core.package_identification:_identify(install) by extension 'ignore'
[0.845s] Level 1:colcon.colcon_core.package_identification:_identify(install) ignored
[0.845s] Level 1:colcon.colcon_core.package_identification:_identify(log) by extensions ['ignore', 'ignore_ament_install']
[0.845s] Level 1:colcon.colcon_core.package_identification:_identify(log) by extension 'ignore'
[0.845s] Level 1:colcon.colcon_core.package_identification:_identify(log) ignored
[0.845s] Level 1:colcon.colcon_core.package_identification:_identify(src) by extensions ['ignore', 'ignore_ament_install']
[0.845s] Level 1:colcon.colcon_core.package_identification:_identify(src) by extension 'ignore'
[0.845s] Level 1:colcon.colcon_core.package_identification:_identify(src) by extension 'ignore_ament_install'
[0.845s] Level 1:colcon.colcon_core.package_identification:_identify(src) by extensions ['colcon_pkg']
[0.845s] Level 1:colcon.colcon_core.package_identification:_identify(src) by extension 'colcon_pkg'
[0.845s] Level 1:colcon.colcon_core.package_identification:_identify(src) by extensions ['colcon_meta']
[0.845s] Level 1:colcon.colcon_core.package_identification:_identify(src) by extension 'colcon_meta'
[0.845s] Level 1:colcon.colcon_core.package_identification:_identify(src) by extensions ['ros']
[0.845s] Level 1:colcon.colcon_core.package_identification:_identify(src) by extension 'ros'
[0.845s] Level 1:colcon.colcon_core.package_identification:_identify(src) by extensions ['cmake', 'python']
[0.845s] Level 1:colcon.colcon_core.package_identification:_identify(src) by extension 'cmake'
[0.845s] Level 1:colcon.colcon_core.package_identification:_identify(src) by extension 'python'
[0.845s] Level 1:colcon.colcon_core.package_identification:_identify(src) by extensions ['python_setup_py']
[0.845s] Level 1:colcon.colcon_core.package_identification:_identify(src) by extension 'python_setup_py'
[0.846s] Level 1:colcon.colcon_core.package_identification:_identify(src/referee-serial) by extensions ['ignore', 'ignore_ament_install']
[0.846s] Level 1:colcon.colcon_core.package_identification:_identify(src/referee-serial) by extension 'ignore'
[0.846s] Level 1:colcon.colcon_core.package_identification:_identify(src/referee-serial) by extension 'ignore_ament_install'
[0.846s] Level 1:colcon.colcon_core.package_identification:_identify(src/referee-serial) by extensions ['colcon_pkg']
[0.846s] Level 1:colcon.colcon_core.package_identification:_identify(src/referee-serial) by extension 'colcon_pkg'
[0.846s] Level 1:colcon.colcon_core.package_identification:_identify(src/referee-serial) by extensions ['colcon_meta']
[0.846s] Level 1:colcon.colcon_core.package_identification:_identify(src/referee-serial) by extension 'colcon_meta'
[0.846s] Level 1:colcon.colcon_core.package_identification:_identify(src/referee-serial) by extensions ['ros']
[0.846s] Level 1:colcon.colcon_core.package_identification:_identify(src/referee-serial) by extension 'ros'
[0.849s] DEBUG:colcon.colcon_core.package_identification:Package 'src/referee-serial' with type 'ros.ament_cmake' and name 'referee_serial'
[0.849s] Level 1:colcon.colcon_core.package_identification:_identify(src/ros2-serial) by extensions ['ignore', 'ignore_ament_install']
[0.849s] Level 1:colcon.colcon_core.package_identification:_identify(src/ros2-serial) by extension 'ignore'
[0.849s] Level 1:colcon.colcon_core.package_identification:_identify(src/ros2-serial) by extension 'ignore_ament_install'
[0.849s] Level 1:colcon.colcon_core.package_identification:_identify(src/ros2-serial) by extensions ['colcon_pkg']
[0.849s] Level 1:colcon.colcon_core.package_identification:_identify(src/ros2-serial) by extension 'colcon_pkg'
[0.849s] Level 1:colcon.colcon_core.package_identification:_identify(src/ros2-serial) by extensions ['colcon_meta']
[0.849s] Level 1:colcon.colcon_core.package_identification:_identify(src/ros2-serial) by extension 'colcon_meta'
[0.849s] Level 1:colcon.colcon_core.package_identification:_identify(src/ros2-serial) by extensions ['ros']
[0.849s] Level 1:colcon.colcon_core.package_identification:_identify(src/ros2-serial) by extension 'ros'
[0.850s] DEBUG:colcon.colcon_core.package_identification:Package 'src/ros2-serial' with type 'ros.ament_cmake' and name 'serial'
[0.850s] Level 1:colcon.colcon_core.package_discovery:discover_packages(recursive) using defaults
[0.850s] Level 1:colcon.colcon_core.package_discovery:discover_packages(ignore) discover
[0.850s] Level 1:colcon.colcon_core.package_discovery:discover_packages(ignore) using defaults
[0.850s] Level 1:colcon.colcon_core.package_discovery:discover_packages(path) discover
[0.850s] Level 1:colcon.colcon_core.package_discovery:discover_packages(path) using defaults
[0.906s] Level 5:colcon.colcon_core.verb:set package 'serial' build argument 'cmake_args' from command line to 'None'
[0.906s] Level 5:colcon.colcon_core.verb:set package 'serial' build argument 'cmake_target' from command line to 'None'
[0.906s] Level 5:colcon.colcon_core.verb:set package 'serial' build argument 'cmake_target_skip_unavailable' from command line to 'False'
[0.906s] Level 5:colcon.colcon_core.verb:set package 'serial' build argument 'cmake_clean_cache' from command line to 'False'
[0.906s] Level 5:colcon.colcon_core.verb:set package 'serial' build argument 'cmake_clean_first' from command line to 'False'
[0.906s] Level 5:colcon.colcon_core.verb:set package 'serial' build argument 'cmake_force_configure' from command line to 'False'
[0.906s] Level 5:colcon.colcon_core.verb:set package 'serial' build argument 'ament_cmake_args' from command line to 'None'
[0.906s] Level 5:colcon.colcon_core.verb:set package 'serial' build argument 'catkin_cmake_args' from command line to 'None'
[0.906s] Level 5:colcon.colcon_core.verb:set package 'serial' build argument 'catkin_skip_building_tests' from command line to 'False'
[0.906s] DEBUG:colcon.colcon_core.verb:Building package 'serial' with the following arguments: {'ament_cmake_args': None, 'build_base': '/workspace/referee_serial/build/serial', 'catkin_cmake_args': None, 'catkin_skip_building_tests': False, 'cmake_args': None, 'cmake_clean_cache': False, 'cmake_clean_first': False, 'cmake_force_configure': False, 'cmake_target': None, 'cmake_target_skip_unavailable': False, 'install_base': '/workspace/referee_serial/install/serial', 'merge_install': False, 'path': '/workspace/referee_serial/src/ros2-serial', 'symlink_install': True, 'test_result_base': None}
[0.916s] Level 5:colcon.colcon_core.verb:set package 'referee_serial' build argument 'cmake_args' from command line to 'None'
[0.916s] Level 5:colcon.colcon_core.verb:set package 'referee_serial' build argument 'cmake_target' from command line to 'None'
[0.916s] Level 5:colcon.colcon_core.verb:set package 'referee_serial' build argument 'cmake_target_skip_unavailable' from command line to 'False'
[0.916s] Level 5:colcon.colcon_core.verb:set package 'referee_serial' build argument 'cmake_clean_cache' from command line to 'False'
[0.916s] Level 5:colcon.colcon_core.verb:set package 'referee_serial' build argument 'cmake_clean_first' from command line to 'False'
[0.916s] Level 5:colcon.colcon_core.verb:set package 'referee_serial' build argument 'cmake_force_configure' from command line to 'False'
[0.916s] Level 5:colcon.colcon_core.verb:set package 'referee_serial' build argument 'ament_cmake_args' from command line to 'None'
[0.916s] Level 5:colcon.colcon_core.verb:set package 'referee_serial' build argument 'catkin_cmake_args' from command line to 'None'
[0.916s] Level 5:colcon.colcon_core.verb:set package 'referee_serial' build argument 'catkin_skip_building_tests' from command line to 'False'
[0.916s] DEBUG:colcon.colcon_core.verb:Building package 'referee_serial' with the following arguments: {'ament_cmake_args': None, 'build_base': '/workspace/referee_serial/build/referee_serial', 'catkin_cmake_args': None, 'catkin_skip_building_tests': False, 'cmake_args': None, 'cmake_clean_cache': False, 'cmake_clean_first': False, 'cmake_force_configure': False, 'cmake_target': None, 'cmake_target_skip_unavailable': False, 'install_base': '/workspace/referee_serial/install/referee_serial', 'merge_install': False, 'path': '/workspace/referee_serial/src/referee-serial', 'symlink_install': True, 'test_result_base': None}
[0.924s] INFO:colcon.colcon_core.executor:Executing jobs using 'parallel' executor
[0.935s] DEBUG:colcon.colcon_parallel_executor.executor.parallel:run_until_complete
[0.935s] INFO:colcon.colcon_ros.task.ament_cmake.build:Building ROS package in '/workspace/referee_serial/src/ros2-serial' with build type 'ament_cmake'
[0.935s] INFO:colcon.colcon_cmake.task.cmake.build:Building CMake package in '/workspace/referee_serial/src/ros2-serial'
[0.948s] INFO:colcon.colcon_core.plugin_system:Skipping extension 'colcon_core.shell.bat': Not used on non-Windows systems
[0.949s] INFO:colcon.colcon_core.shell:Skip shell extension 'powershell' for command environment: Not usable outside of PowerShell
[0.949s] DEBUG:colcon.colcon_core.shell:Skip shell extension 'dsv' for command environment
[0.958s] WARNING:colcon.colcon_core.prefix_path.colcon:The path '/workspace/referee_serial/src/install' in the environment variable COLCON_PREFIX_PATH doesn't exist
[0.958s] WARNING:colcon.colcon_ros.prefix_path.ament:The path '/workspace/referee_serial/src/install/referee_serial' in the environment variable AMENT_PREFIX_PATH doesn't exist
[0.959s] WARNING:colcon.colcon_ros.prefix_path.ament:The path '/workspace/referee_serial/src/install/serial' in the environment variable AMENT_PREFIX_PATH doesn't exist
[0.959s] WARNING:colcon.colcon_ros.prefix_path.catkin:The path '/workspace/referee_serial/src/install/referee_serial' in the environment variable CMAKE_PREFIX_PATH doesn't exist
[0.959s] WARNING:colcon.colcon_ros.prefix_path.catkin:The path '/workspace/referee_serial/src/install/serial' in the environment variable CMAKE_PREFIX_PATH doesn't exist
[0.982s] DEBUG:colcon.colcon_core.event_handler.log_command:Invoking command in '/workspace/referee_serial/build/serial': CMAKE_PREFIX_PATH=${CMAKE_PREFIX_PATH}:/opt/ros/humble /usr/bin/cmake /workspace/referee_serial/src/ros2-serial -DAMENT_CMAKE_SYMLINK_INSTALL=1 -DCMAKE_INSTALL_PREFIX=/workspace/referee_serial/install/serial
[1.628s] DEBUG:colcon.colcon_core.event_handler.log_command:Invoked command in '/workspace/referee_serial/build/serial' returned '0': CMAKE_PREFIX_PATH=${CMAKE_PREFIX_PATH}:/opt/ros/humble /usr/bin/cmake /workspace/referee_serial/src/ros2-serial -DAMENT_CMAKE_SYMLINK_INSTALL=1 -DCMAKE_INSTALL_PREFIX=/workspace/referee_serial/install/serial
[1.630s] DEBUG:colcon.colcon_core.event_handler.log_command:Invoking command in '/workspace/referee_serial/build/serial': CMAKE_PREFIX_PATH=${CMAKE_PREFIX_PATH}:/opt/ros/humble /usr/bin/cmake --build /workspace/referee_serial/build/serial -- -j16 -l16
[2.425s] DEBUG:colcon.colcon_core.event_handler.log_command:Invoked command in '/workspace/referee_serial/build/serial' returned '0': CMAKE_PREFIX_PATH=${CMAKE_PREFIX_PATH}:/opt/ros/humble /usr/bin/cmake --build /workspace/referee_serial/build/serial -- -j16 -l16
[2.463s] DEBUG:colcon.colcon_core.event_handler.log_command:Invoking command in '/workspace/referee_serial/build/serial': CMAKE_PREFIX_PATH=${CMAKE_PREFIX_PATH}:/opt/ros/humble /usr/bin/cmake --install /workspace/referee_serial/build/serial
[2.665s] Level 1:colcon.colcon_core.environment:create_environment_scripts_only(serial)
[2.667s] DEBUG:colcon.colcon_core.event_handler.log_command:Invoked command in '/workspace/referee_serial/build/serial' returned '0': CMAKE_PREFIX_PATH=${CMAKE_PREFIX_PATH}:/opt/ros/humble /usr/bin/cmake --install /workspace/referee_serial/build/serial
[2.676s] Level 1:colcon.colcon_core.environment:checking '/workspace/referee_serial/install/serial' for CMake module files
[2.677s] Level 1:colcon.colcon_core.environment:checking '/workspace/referee_serial/install/serial' for CMake config files
[2.677s] Level 1:colcon.colcon_core.shell:create_environment_hook('serial', 'cmake_prefix_path')
[2.685s] INFO:colcon.colcon_core.shell:Creating environment hook '/workspace/referee_serial/install/serial/share/serial/hook/cmake_prefix_path.ps1'
[2.686s] INFO:colcon.colcon_core.shell:Creating environment descriptor '/workspace/referee_serial/install/serial/share/serial/hook/cmake_prefix_path.dsv'
[2.686s] INFO:colcon.colcon_core.shell:Creating environment hook '/workspace/referee_serial/install/serial/share/serial/hook/cmake_prefix_path.sh'
[2.687s] Level 1:colcon.colcon_core.environment:checking '/workspace/referee_serial/install/serial/lib'
[2.687s] Level 1:colcon.colcon_core.shell:create_environment_hook('serial', 'ld_library_path_lib')
[2.696s] INFO:colcon.colcon_core.shell:Creating environment hook '/workspace/referee_serial/install/serial/share/serial/hook/ld_library_path_lib.ps1'
[2.696s] INFO:colcon.colcon_core.shell:Creating environment descriptor '/workspace/referee_serial/install/serial/share/serial/hook/ld_library_path_lib.dsv'
[2.697s] INFO:colcon.colcon_core.shell:Creating environment hook '/workspace/referee_serial/install/serial/share/serial/hook/ld_library_path_lib.sh'
[2.697s] Level 1:colcon.colcon_core.environment:checking '/workspace/referee_serial/install/serial/bin'
[2.697s] Level 1:colcon.colcon_core.environment:checking '/workspace/referee_serial/install/serial/lib/pkgconfig/serial.pc'
[2.699s] Level 1:colcon.colcon_core.environment:checking '/workspace/referee_serial/install/serial/lib/python3.10/site-packages'
[2.699s] Level 1:colcon.colcon_core.environment:checking '/workspace/referee_serial/install/serial/bin'
[2.708s] INFO:colcon.colcon_core.shell:Creating package script '/workspace/referee_serial/install/serial/share/serial/package.ps1'
[2.709s] INFO:colcon.colcon_core.shell:Creating package descriptor '/workspace/referee_serial/install/serial/share/serial/package.dsv'
[2.710s] INFO:colcon.colcon_core.shell:Creating package script '/workspace/referee_serial/install/serial/share/serial/package.sh'
[2.711s] INFO:colcon.colcon_core.shell:Creating package script '/workspace/referee_serial/install/serial/share/serial/package.bash'
[2.712s] INFO:colcon.colcon_core.shell:Creating package script '/workspace/referee_serial/install/serial/share/serial/package.zsh'
[2.712s] Level 1:colcon.colcon_core.environment:create_file_with_runtime_dependencies(/workspace/referee_serial/install/serial/share/colcon-core/packages/serial)
[2.754s] Level 1:colcon.colcon_core.environment:create_environment_scripts_only(serial)
[2.763s] Level 1:colcon.colcon_core.environment:checking '/workspace/referee_serial/install/serial' for CMake module files
[2.764s] Level 1:colcon.colcon_core.environment:checking '/workspace/referee_serial/install/serial' for CMake config files
[2.764s] Level 1:colcon.colcon_core.shell:create_environment_hook('serial', 'cmake_prefix_path')
[2.772s] INFO:colcon.colcon_core.shell:Creating environment hook '/workspace/referee_serial/install/serial/share/serial/hook/cmake_prefix_path.ps1'
[2.773s] INFO:colcon.colcon_core.shell:Creating environment descriptor '/workspace/referee_serial/install/serial/share/serial/hook/cmake_prefix_path.dsv'
[2.773s] INFO:colcon.colcon_core.shell:Creating environment hook '/workspace/referee_serial/install/serial/share/serial/hook/cmake_prefix_path.sh'
[2.774s] Level 1:colcon.colcon_core.environment:checking '/workspace/referee_serial/install/serial/lib'
[2.774s] Level 1:colcon.colcon_core.shell:create_environment_hook('serial', 'ld_library_path_lib')
[2.783s] INFO:colcon.colcon_core.shell:Creating environment hook '/workspace/referee_serial/install/serial/share/serial/hook/ld_library_path_lib.ps1'
[2.783s] INFO:colcon.colcon_core.shell:Creating environment descriptor '/workspace/referee_serial/install/serial/share/serial/hook/ld_library_path_lib.dsv'
[2.784s] INFO:colcon.colcon_core.shell:Creating environment hook '/workspace/referee_serial/install/serial/share/serial/hook/ld_library_path_lib.sh'
[2.784s] Level 1:colcon.colcon_core.environment:checking '/workspace/referee_serial/install/serial/bin'
[2.784s] Level 1:colcon.colcon_core.environment:checking '/workspace/referee_serial/install/serial/lib/pkgconfig/serial.pc'
[2.785s] Level 1:colcon.colcon_core.environment:checking '/workspace/referee_serial/install/serial/lib/python3.10/site-packages'
[2.785s] Level 1:colcon.colcon_core.environment:checking '/workspace/referee_serial/install/serial/bin'
[2.794s] INFO:colcon.colcon_core.shell:Creating package script '/workspace/referee_serial/install/serial/share/serial/package.ps1'
[2.795s] INFO:colcon.colcon_core.shell:Creating package descriptor '/workspace/referee_serial/install/serial/share/serial/package.dsv'
[2.795s] INFO:colcon.colcon_core.shell:Creating package script '/workspace/referee_serial/install/serial/share/serial/package.sh'
[2.796s] INFO:colcon.colcon_core.shell:Creating package script '/workspace/referee_serial/install/serial/share/serial/package.bash'
[2.796s] INFO:colcon.colcon_core.shell:Creating package script '/workspace/referee_serial/install/serial/share/serial/package.zsh'
[2.797s] Level 1:colcon.colcon_core.environment:create_file_with_runtime_dependencies(/workspace/referee_serial/install/serial/share/colcon-core/packages/serial)
[2.797s] INFO:colcon.colcon_ros.task.ament_cmake.build:Building ROS package in '/workspace/referee_serial/src/referee-serial' with build type 'ament_cmake'
[2.798s] INFO:colcon.colcon_cmake.task.cmake.build:Building CMake package in '/workspace/referee_serial/src/referee-serial'
[2.810s] INFO:colcon.colcon_core.shell:Skip shell extension 'powershell' for command environment: Not usable outside of PowerShell
[2.810s] DEBUG:colcon.colcon_core.shell:Skip shell extension 'dsv' for command environment
[2.841s] DEBUG:colcon.colcon_core.event_handler.log_command:Invoking command in '/workspace/referee_serial/build/referee_serial': AMENT_PREFIX_PATH=/workspace/referee_serial/install/serial:${AMENT_PREFIX_PATH} CMAKE_PREFIX_PATH=/workspace/referee_serial/install/serial:/workspace/referee_serial/src/install/referee_serial:/workspace/referee_serial/src/install/serial:/opt/ros/humble LD_LIBRARY_PATH=/workspace/referee_serial/install/serial/lib:${LD_LIBRARY_PATH} /usr/bin/cmake /workspace/referee_serial/src/referee-serial -DAMENT_CMAKE_SYMLINK_INSTALL=1 -DCMAKE_INSTALL_PREFIX=/workspace/referee_serial/install/referee_serial
[3.415s] DEBUG:colcon.colcon_core.event_handler.log_command:Invoked command in '/workspace/referee_serial/build/referee_serial' returned '1': AMENT_PREFIX_PATH=/workspace/referee_serial/install/serial:${AMENT_PREFIX_PATH} CMAKE_PREFIX_PATH=/workspace/referee_serial/install/serial:/workspace/referee_serial/src/install/referee_serial:/workspace/referee_serial/src/install/serial:/opt/ros/humble LD_LIBRARY_PATH=/workspace/referee_serial/install/serial/lib:${LD_LIBRARY_PATH} /usr/bin/cmake /workspace/referee_serial/src/referee-serial -DAMENT_CMAKE_SYMLINK_INSTALL=1 -DCMAKE_INSTALL_PREFIX=/workspace/referee_serial/install/referee_serial
[3.424s] Level 1:colcon.colcon_core.environment:create_environment_scripts_only(referee_serial)
[3.433s] Level 1:colcon.colcon_core.environment:checking '/workspace/referee_serial/install/referee_serial' for CMake module files
[3.434s] Level 1:colcon.colcon_core.environment:checking '/workspace/referee_serial/install/referee_serial' for CMake config files
[3.434s] Level 1:colcon.colcon_core.environment:checking '/workspace/referee_serial/install/referee_serial/bin'
[3.434s] Level 1:colcon.colcon_core.environment:checking '/workspace/referee_serial/install/referee_serial/lib/pkgconfig/referee_serial.pc'
[3.434s] Level 1:colcon.colcon_core.environment:checking '/workspace/referee_serial/install/referee_serial/lib/python3.10/site-packages'
[3.435s] Level 1:colcon.colcon_core.environment:checking '/workspace/referee_serial/install/referee_serial/bin'
[3.443s] INFO:colcon.colcon_core.shell:Creating package script '/workspace/referee_serial/install/referee_serial/share/referee_serial/package.ps1'
[3.446s] INFO:colcon.colcon_core.shell:Creating package descriptor '/workspace/referee_serial/install/referee_serial/share/referee_serial/package.dsv'
[3.446s] INFO:colcon.colcon_core.shell:Creating package script '/workspace/referee_serial/install/referee_serial/share/referee_serial/package.sh'
[3.447s] INFO:colcon.colcon_core.shell:Creating package script '/workspace/referee_serial/install/referee_serial/share/referee_serial/package.bash'
[3.447s] INFO:colcon.colcon_core.shell:Creating package script '/workspace/referee_serial/install/referee_serial/share/referee_serial/package.zsh'
[3.447s] Level 1:colcon.colcon_core.environment:create_file_with_runtime_dependencies(/workspace/referee_serial/install/referee_serial/share/colcon-core/packages/referee_serial)
[3.458s] DEBUG:colcon.colcon_parallel_executor.executor.parallel:closing loop
[3.459s] DEBUG:colcon.colcon_parallel_executor.executor.parallel:loop closed
[3.459s] DEBUG:colcon.colcon_parallel_executor.executor.parallel:run_until_complete finished with '1'
[3.460s] DEBUG:colcon.colcon_core.event_reactor:joining thread
[3.475s] INFO:colcon.colcon_core.plugin_system:Skipping extension 'colcon_notification.desktop_notification.notify_send': Could not find 'notify-send'
[3.475s] INFO:colcon.colcon_core.plugin_system:Skipping extension 'colcon_notification.desktop_notification.terminal_notifier': Not used on non-Darwin systems
[3.475s] INFO:colcon.colcon_core.plugin_system:Skipping extension 'colcon_notification.desktop_notification.win32': Not used on non-Windows systems
[3.475s] INFO:colcon.colcon_notification.desktop_notification:Sending desktop notification using 'notify2'
[3.475s] DEBUG:colcon.colcon_notification.desktop_notification.notify2:Failed to initialize notify2: org.freedesktop.DBus.Error.InvalidFileContent: D-Bus library appears to be incorrectly set up: see the manual page for dbus-uuidgen to correct this issue. (Failed to open "/var/lib/dbus/machine-id": No such file or directory; UUID file '/etc/machine-id' should contain a hex string of length 32, not length 0, with no other text)
[3.476s] DEBUG:colcon.colcon_core.event_reactor:joined thread
[3.486s] INFO:colcon.colcon_core.shell:Creating prefix script '/workspace/referee_serial/install/local_setup.ps1'
[3.487s] INFO:colcon.colcon_core.shell:Creating prefix util module '/workspace/referee_serial/install/_local_setup_util_ps1.py'
[3.489s] INFO:colcon.colcon_core.shell:Creating prefix chain script '/workspace/referee_serial/install/setup.ps1'
[3.501s] INFO:colcon.colcon_core.shell:Creating prefix script '/workspace/referee_serial/install/local_setup.sh'
[3.502s] INFO:colcon.colcon_core.shell:Creating prefix util module '/workspace/referee_serial/install/_local_setup_util_sh.py'
[3.503s] INFO:colcon.colcon_core.shell:Creating prefix chain script '/workspace/referee_serial/install/setup.sh'
[3.513s] INFO:colcon.colcon_core.shell:Creating prefix script '/workspace/referee_serial/install/local_setup.bash'
[3.514s] INFO:colcon.colcon_core.shell:Creating prefix chain script '/workspace/referee_serial/install/setup.bash'
[3.525s] INFO:colcon.colcon_core.shell:Creating prefix script '/workspace/referee_serial/install/local_setup.zsh'
[3.527s] INFO:colcon.colcon_core.shell:Creating prefix chain script '/workspace/referee_serial/install/setup.zsh'
