[0.045s] Invoking command in '/workspace/referee_serial/build/serial': CMAKE_PREFIX_PATH=${CMAKE_PREFIX_PATH}:/opt/ros/humble /usr/bin/cmake --build /workspace/referee_serial/build/serial -- -j16 -l16
[0.078s] [35m[1mConsolidate compiler generated dependencies of target serial[0m
[0.092s] [100%] Built target serial
[0.103s] Invoked command in '/workspace/referee_serial/build/serial' returned '0': CMAKE_PREFIX_PATH=${CMAKE_PREFIX_PATH}:/opt/ros/humble /usr/bin/cmake --build /workspace/referee_serial/build/serial -- -j16 -l16
[0.143s] Invoking command in '/workspace/referee_serial/build/serial': CMAKE_PREFIX_PATH=${CMAKE_PREFIX_PATH}:/opt/ros/humble /usr/bin/cmake --install /workspace/referee_serial/build/serial
[0.149s] -- Install configuration: ""
[0.150s] -- Execute custom install script
[0.150s] -- Up-to-date symlink: /workspace/referee_serial/install/serial/include/serial/impl/unix.h
[0.151s] -- Up-to-date symlink: /workspace/referee_serial/install/serial/include/serial/impl/win.h
[0.151s] -- Up-to-date symlink: /workspace/referee_serial/install/serial/include/serial/serial.h
[0.151s] -- Up-to-date symlink: /workspace/referee_serial/install/serial/include/serial/v8stdint.h
[0.151s] -- Up-to-date symlink: /workspace/referee_serial/install/serial/share/serial/environment/library_path.sh
[0.152s] -- Up-to-date symlink: /workspace/referee_serial/install/serial/share/serial/environment/library_path.dsv
[0.152s] -- Up-to-date symlink: /workspace/referee_serial/install/serial/lib/libserial.so
[0.153s] -- Up-to-date symlink: /workspace/referee_serial/install/serial/share/ament_index/resource_index/package_run_dependencies/serial
[0.153s] -- Up-to-date symlink: /workspace/referee_serial/install/serial/share/ament_index/resource_index/parent_prefix_path/serial
[0.153s] -- Up-to-date symlink: /workspace/referee_serial/install/serial/share/serial/environment/ament_prefix_path.sh
[0.153s] -- Up-to-date symlink: /workspace/referee_serial/install/serial/share/serial/environment/ament_prefix_path.dsv
[0.154s] -- Up-to-date symlink: /workspace/referee_serial/install/serial/share/serial/environment/path.sh
[0.154s] -- Up-to-date symlink: /workspace/referee_serial/install/serial/share/serial/environment/path.dsv
[0.154s] -- Up-to-date symlink: /workspace/referee_serial/install/serial/share/serial/local_setup.bash
[0.154s] -- Up-to-date symlink: /workspace/referee_serial/install/serial/share/serial/local_setup.sh
[0.154s] -- Up-to-date symlink: /workspace/referee_serial/install/serial/share/serial/local_setup.zsh
[0.154s] -- Up-to-date symlink: /workspace/referee_serial/install/serial/share/serial/local_setup.dsv
[0.154s] -- Symlinking: /workspace/referee_serial/install/serial/share/serial/package.dsv
[0.161s] -- Up-to-date symlink: /workspace/referee_serial/install/serial/share/ament_index/resource_index/packages/serial
[0.161s] -- Up-to-date symlink: /workspace/referee_serial/install/serial/share/serial/cmake/ament_cmake_export_include_directories-extras.cmake
[0.162s] -- Up-to-date symlink: /workspace/referee_serial/install/serial/share/serial/cmake/ament_cmake_export_libraries-extras.cmake
[0.162s] -- Up-to-date symlink: /workspace/referee_serial/install/serial/share/serial/cmake/serialConfig.cmake
[0.162s] -- Up-to-date symlink: /workspace/referee_serial/install/serial/share/serial/cmake/serialConfig-version.cmake
[0.162s] -- Up-to-date symlink: /workspace/referee_serial/install/serial/share/serial/package.xml
[0.164s] Invoked command in '/workspace/referee_serial/build/serial' returned '0': CMAKE_PREFIX_PATH=${CMAKE_PREFIX_PATH}:/opt/ros/humble /usr/bin/cmake --install /workspace/referee_serial/build/serial
