[0.884s] DEBUG:colcon:Command line arguments: ['/usr/bin/colcon', 'build', '--symlink-install']
[0.885s] DEBUG:colcon:Parsed command line arguments: Namespace(log_base=None, log_level=None, verb_name='build', build_base='build', install_base='install', merge_install=False, symlink_install=True, test_result_base=None, continue_on_error=False, executor='parallel', parallel_workers=16, event_handlers=None, ignore_user_meta=False, metas=['./colcon.meta'], base_paths=['.'], packages_ignore=None, packages_ignore_regex=None, paths=None, packages_up_to=None, packages_up_to_regex=None, packages_above=None, packages_above_and_dependencies=None, packages_above_depth=None, packages_select_by_dep=None, packages_skip_by_dep=None, packages_skip_up_to=None, packages_select_build_failed=False, packages_skip_build_finished=False, packages_select_test_failures=False, packages_skip_test_passed=False, packages_select=None, packages_skip=None, packages_select_regex=None, packages_skip_regex=None, packages_start=None, packages_end=None, cmake_args=None, cmake_target=None, cmake_target_skip_unavailable=False, cmake_clean_cache=False, cmake_clean_first=False, cmake_force_configure=False, ament_cmake_args=None, catkin_cmake_args=None, catkin_skip_building_tests=False, mixin_files=None, mixin=None, verb_parser=<colcon_mixin.mixin.mixin_argument.MixinArgumentDecorator object at 0x7f1990b03100>, verb_extension=<colcon_core.verb.build.BuildVerb object at 0x7f1990b038b0>, main=<bound method BuildVerb.main of <colcon_core.verb.build.BuildVerb object at 0x7f1990b038b0>>, mixin_verb=('build',))
[0.922s] Level 1:colcon.colcon_core.package_discovery:discover_packages(colcon_meta) check parameters
[0.922s] INFO:colcon.colcon_metadata.package_discovery.colcon_meta:Using configuration from '/root/.colcon/metadata/default/Gazebo.meta'
[0.923s] INFO:colcon.colcon_metadata.package_discovery.colcon_meta:Using configuration from '/root/.colcon/metadata/default/fastrtps.meta'
[0.923s] Level 1:colcon.colcon_core.package_discovery:discover_packages(recursive) check parameters
[0.924s] Level 1:colcon.colcon_core.package_discovery:discover_packages(ignore) check parameters
[0.924s] Level 1:colcon.colcon_core.package_discovery:discover_packages(path) check parameters
[0.924s] Level 1:colcon.colcon_core.package_discovery:discover_packages(colcon_meta) discover
[0.924s] Level 1:colcon.colcon_core.package_discovery:discover_packages(recursive) discover
[0.924s] INFO:colcon.colcon_core.package_discovery:Crawling recursively for packages in '/workspace/referee_serial'
[0.924s] Level 1:colcon.colcon_core.package_identification:_identify(.) by extensions ['ignore', 'ignore_ament_install']
[0.924s] Level 1:colcon.colcon_core.package_identification:_identify(.) by extension 'ignore'
[0.924s] Level 1:colcon.colcon_core.package_identification:_identify(.) by extension 'ignore_ament_install'
[0.924s] Level 1:colcon.colcon_core.package_identification:_identify(.) by extensions ['colcon_pkg']
[0.924s] Level 1:colcon.colcon_core.package_identification:_identify(.) by extension 'colcon_pkg'
[0.924s] Level 1:colcon.colcon_core.package_identification:_identify(.) by extensions ['colcon_meta']
[0.924s] Level 1:colcon.colcon_core.package_identification:_identify(.) by extension 'colcon_meta'
[0.924s] Level 1:colcon.colcon_core.package_identification:_identify(.) by extensions ['ros']
[0.924s] Level 1:colcon.colcon_core.package_identification:_identify(.) by extension 'ros'
[0.936s] Level 1:colcon.colcon_core.package_identification:_identify(.) by extensions ['cmake', 'python']
[0.936s] Level 1:colcon.colcon_core.package_identification:_identify(.) by extension 'cmake'
[0.936s] Level 1:colcon.colcon_core.package_identification:_identify(.) by extension 'python'
[0.936s] Level 1:colcon.colcon_core.package_identification:_identify(.) by extensions ['python_setup_py']
[0.936s] Level 1:colcon.colcon_core.package_identification:_identify(.) by extension 'python_setup_py'
[0.936s] Level 1:colcon.colcon_core.package_identification:_identify(build) by extensions ['ignore', 'ignore_ament_install']
[0.936s] Level 1:colcon.colcon_core.package_identification:_identify(build) by extension 'ignore'
[0.936s] Level 1:colcon.colcon_core.package_identification:_identify(build) ignored
[0.937s] Level 1:colcon.colcon_core.package_identification:_identify(install) by extensions ['ignore', 'ignore_ament_install']
[0.937s] Level 1:colcon.colcon_core.package_identification:_identify(install) by extension 'ignore'
[0.937s] Level 1:colcon.colcon_core.package_identification:_identify(install) ignored
[0.937s] Level 1:colcon.colcon_core.package_identification:_identify(log) by extensions ['ignore', 'ignore_ament_install']
[0.937s] Level 1:colcon.colcon_core.package_identification:_identify(log) by extension 'ignore'
[0.937s] Level 1:colcon.colcon_core.package_identification:_identify(log) ignored
[0.937s] Level 1:colcon.colcon_core.package_identification:_identify(src) by extensions ['ignore', 'ignore_ament_install']
[0.937s] Level 1:colcon.colcon_core.package_identification:_identify(src) by extension 'ignore'
[0.937s] Level 1:colcon.colcon_core.package_identification:_identify(src) by extension 'ignore_ament_install'
[0.937s] Level 1:colcon.colcon_core.package_identification:_identify(src) by extensions ['colcon_pkg']
[0.937s] Level 1:colcon.colcon_core.package_identification:_identify(src) by extension 'colcon_pkg'
[0.937s] Level 1:colcon.colcon_core.package_identification:_identify(src) by extensions ['colcon_meta']
[0.937s] Level 1:colcon.colcon_core.package_identification:_identify(src) by extension 'colcon_meta'
[0.937s] Level 1:colcon.colcon_core.package_identification:_identify(src) by extensions ['ros']
[0.937s] Level 1:colcon.colcon_core.package_identification:_identify(src) by extension 'ros'
[0.938s] Level 1:colcon.colcon_core.package_identification:_identify(src) by extensions ['cmake', 'python']
[0.938s] Level 1:colcon.colcon_core.package_identification:_identify(src) by extension 'cmake'
[0.938s] Level 1:colcon.colcon_core.package_identification:_identify(src) by extension 'python'
[0.938s] Level 1:colcon.colcon_core.package_identification:_identify(src) by extensions ['python_setup_py']
[0.938s] Level 1:colcon.colcon_core.package_identification:_identify(src) by extension 'python_setup_py'
[0.938s] Level 1:colcon.colcon_core.package_identification:_identify(src/referee-serial) by extensions ['ignore', 'ignore_ament_install']
[0.938s] Level 1:colcon.colcon_core.package_identification:_identify(src/referee-serial) by extension 'ignore'
[0.938s] Level 1:colcon.colcon_core.package_identification:_identify(src/referee-serial) by extension 'ignore_ament_install'
[0.938s] Level 1:colcon.colcon_core.package_identification:_identify(src/referee-serial) by extensions ['colcon_pkg']
[0.938s] Level 1:colcon.colcon_core.package_identification:_identify(src/referee-serial) by extension 'colcon_pkg'
[0.938s] Level 1:colcon.colcon_core.package_identification:_identify(src/referee-serial) by extensions ['colcon_meta']
[0.938s] Level 1:colcon.colcon_core.package_identification:_identify(src/referee-serial) by extension 'colcon_meta'
[0.938s] Level 1:colcon.colcon_core.package_identification:_identify(src/referee-serial) by extensions ['ros']
[0.938s] Level 1:colcon.colcon_core.package_identification:_identify(src/referee-serial) by extension 'ros'
[0.942s] DEBUG:colcon.colcon_core.package_identification:Package 'src/referee-serial' with type 'ros.ament_cmake' and name 'referee-serial'
[0.942s] Level 1:colcon.colcon_core.package_identification:_identify(src/ros2-serial) by extensions ['ignore', 'ignore_ament_install']
[0.942s] Level 1:colcon.colcon_core.package_identification:_identify(src/ros2-serial) by extension 'ignore'
[0.942s] Level 1:colcon.colcon_core.package_identification:_identify(src/ros2-serial) by extension 'ignore_ament_install'
[0.942s] Level 1:colcon.colcon_core.package_identification:_identify(src/ros2-serial) by extensions ['colcon_pkg']
[0.942s] Level 1:colcon.colcon_core.package_identification:_identify(src/ros2-serial) by extension 'colcon_pkg'
[0.942s] Level 1:colcon.colcon_core.package_identification:_identify(src/ros2-serial) by extensions ['colcon_meta']
[0.942s] Level 1:colcon.colcon_core.package_identification:_identify(src/ros2-serial) by extension 'colcon_meta'
[0.942s] Level 1:colcon.colcon_core.package_identification:_identify(src/ros2-serial) by extensions ['ros']
[0.942s] Level 1:colcon.colcon_core.package_identification:_identify(src/ros2-serial) by extension 'ros'
[0.943s] DEBUG:colcon.colcon_core.package_identification:Package 'src/ros2-serial' with type 'ros.ament_cmake' and name 'serial'
[0.943s] Level 1:colcon.colcon_core.package_discovery:discover_packages(recursive) using defaults
[0.943s] Level 1:colcon.colcon_core.package_discovery:discover_packages(ignore) discover
[0.943s] Level 1:colcon.colcon_core.package_discovery:discover_packages(ignore) using defaults
[0.943s] Level 1:colcon.colcon_core.package_discovery:discover_packages(path) discover
[0.943s] Level 1:colcon.colcon_core.package_discovery:discover_packages(path) using defaults
[1.005s] Level 5:colcon.colcon_core.verb:set package 'serial' build argument 'cmake_args' from command line to 'None'
[1.005s] Level 5:colcon.colcon_core.verb:set package 'serial' build argument 'cmake_target' from command line to 'None'
[1.006s] Level 5:colcon.colcon_core.verb:set package 'serial' build argument 'cmake_target_skip_unavailable' from command line to 'False'
[1.006s] Level 5:colcon.colcon_core.verb:set package 'serial' build argument 'cmake_clean_cache' from command line to 'False'
[1.006s] Level 5:colcon.colcon_core.verb:set package 'serial' build argument 'cmake_clean_first' from command line to 'False'
[1.006s] Level 5:colcon.colcon_core.verb:set package 'serial' build argument 'cmake_force_configure' from command line to 'False'
[1.006s] Level 5:colcon.colcon_core.verb:set package 'serial' build argument 'ament_cmake_args' from command line to 'None'
[1.006s] Level 5:colcon.colcon_core.verb:set package 'serial' build argument 'catkin_cmake_args' from command line to 'None'
[1.006s] Level 5:colcon.colcon_core.verb:set package 'serial' build argument 'catkin_skip_building_tests' from command line to 'False'
[1.006s] DEBUG:colcon.colcon_core.verb:Building package 'serial' with the following arguments: {'ament_cmake_args': None, 'build_base': '/workspace/referee_serial/build/serial', 'catkin_cmake_args': None, 'catkin_skip_building_tests': False, 'cmake_args': None, 'cmake_clean_cache': False, 'cmake_clean_first': False, 'cmake_force_configure': False, 'cmake_target': None, 'cmake_target_skip_unavailable': False, 'install_base': '/workspace/referee_serial/install/serial', 'merge_install': False, 'path': '/workspace/referee_serial/src/ros2-serial', 'symlink_install': True, 'test_result_base': None}
[1.016s] Level 5:colcon.colcon_core.verb:set package 'referee-serial' build argument 'cmake_args' from command line to 'None'
[1.016s] Level 5:colcon.colcon_core.verb:set package 'referee-serial' build argument 'cmake_target' from command line to 'None'
[1.016s] Level 5:colcon.colcon_core.verb:set package 'referee-serial' build argument 'cmake_target_skip_unavailable' from command line to 'False'
[1.016s] Level 5:colcon.colcon_core.verb:set package 'referee-serial' build argument 'cmake_clean_cache' from command line to 'False'
[1.017s] Level 5:colcon.colcon_core.verb:set package 'referee-serial' build argument 'cmake_clean_first' from command line to 'False'
[1.017s] Level 5:colcon.colcon_core.verb:set package 'referee-serial' build argument 'cmake_force_configure' from command line to 'False'
[1.017s] Level 5:colcon.colcon_core.verb:set package 'referee-serial' build argument 'ament_cmake_args' from command line to 'None'
[1.017s] Level 5:colcon.colcon_core.verb:set package 'referee-serial' build argument 'catkin_cmake_args' from command line to 'None'
[1.017s] Level 5:colcon.colcon_core.verb:set package 'referee-serial' build argument 'catkin_skip_building_tests' from command line to 'False'
[1.017s] DEBUG:colcon.colcon_core.verb:Building package 'referee-serial' with the following arguments: {'ament_cmake_args': None, 'build_base': '/workspace/referee_serial/build/referee-serial', 'catkin_cmake_args': None, 'catkin_skip_building_tests': False, 'cmake_args': None, 'cmake_clean_cache': False, 'cmake_clean_first': False, 'cmake_force_configure': False, 'cmake_target': None, 'cmake_target_skip_unavailable': False, 'install_base': '/workspace/referee_serial/install/referee-serial', 'merge_install': False, 'path': '/workspace/referee_serial/src/referee-serial', 'symlink_install': True, 'test_result_base': None}
[1.025s] INFO:colcon.colcon_core.executor:Executing jobs using 'parallel' executor
[1.036s] DEBUG:colcon.colcon_parallel_executor.executor.parallel:run_until_complete
[1.037s] INFO:colcon.colcon_ros.task.ament_cmake.build:Building ROS package in '/workspace/referee_serial/src/ros2-serial' with build type 'ament_cmake'
[1.037s] INFO:colcon.colcon_cmake.task.cmake.build:Building CMake package in '/workspace/referee_serial/src/ros2-serial'
[1.052s] INFO:colcon.colcon_core.plugin_system:Skipping extension 'colcon_core.shell.bat': Not used on non-Windows systems
[1.052s] INFO:colcon.colcon_core.shell:Skip shell extension 'powershell' for command environment: Not usable outside of PowerShell
[1.052s] DEBUG:colcon.colcon_core.shell:Skip shell extension 'dsv' for command environment
[1.063s] WARNING:colcon.colcon_core.prefix_path.colcon:The path '/workspace/referee_serial/src/install' in the environment variable COLCON_PREFIX_PATH doesn't exist
[1.063s] WARNING:colcon.colcon_ros.prefix_path.ament:The path '/workspace/referee_serial/src/install/referee_serial' in the environment variable AMENT_PREFIX_PATH doesn't exist
[1.063s] WARNING:colcon.colcon_ros.prefix_path.ament:The path '/workspace/referee_serial/src/install/serial' in the environment variable AMENT_PREFIX_PATH doesn't exist
[1.063s] WARNING:colcon.colcon_ros.prefix_path.catkin:The path '/workspace/referee_serial/src/install/referee_serial' in the environment variable CMAKE_PREFIX_PATH doesn't exist
[1.063s] WARNING:colcon.colcon_ros.prefix_path.catkin:The path '/workspace/referee_serial/src/install/serial' in the environment variable CMAKE_PREFIX_PATH doesn't exist
[1.087s] DEBUG:colcon.colcon_core.event_handler.log_command:Invoking command in '/workspace/referee_serial/build/serial': CMAKE_PREFIX_PATH=${CMAKE_PREFIX_PATH}:/opt/ros/humble /usr/bin/cmake --build /workspace/referee_serial/build/serial -- -j16 -l16
[1.145s] DEBUG:colcon.colcon_core.event_handler.log_command:Invoked command in '/workspace/referee_serial/build/serial' returned '0': CMAKE_PREFIX_PATH=${CMAKE_PREFIX_PATH}:/opt/ros/humble /usr/bin/cmake --build /workspace/referee_serial/build/serial -- -j16 -l16
[1.185s] DEBUG:colcon.colcon_core.event_handler.log_command:Invoking command in '/workspace/referee_serial/build/serial': CMAKE_PREFIX_PATH=${CMAKE_PREFIX_PATH}:/opt/ros/humble /usr/bin/cmake --install /workspace/referee_serial/build/serial
[1.204s] Level 1:colcon.colcon_core.environment:create_environment_scripts_only(serial)
[1.205s] DEBUG:colcon.colcon_core.event_handler.log_command:Invoked command in '/workspace/referee_serial/build/serial' returned '0': CMAKE_PREFIX_PATH=${CMAKE_PREFIX_PATH}:/opt/ros/humble /usr/bin/cmake --install /workspace/referee_serial/build/serial
[1.216s] Level 1:colcon.colcon_core.environment:checking '/workspace/referee_serial/install/serial' for CMake module files
[1.216s] Level 1:colcon.colcon_core.environment:checking '/workspace/referee_serial/install/serial' for CMake config files
[1.216s] Level 1:colcon.colcon_core.shell:create_environment_hook('serial', 'cmake_prefix_path')
[1.226s] INFO:colcon.colcon_core.shell:Creating environment hook '/workspace/referee_serial/install/serial/share/serial/hook/cmake_prefix_path.ps1'
[1.226s] INFO:colcon.colcon_core.shell:Creating environment descriptor '/workspace/referee_serial/install/serial/share/serial/hook/cmake_prefix_path.dsv'
[1.227s] INFO:colcon.colcon_core.shell:Creating environment hook '/workspace/referee_serial/install/serial/share/serial/hook/cmake_prefix_path.sh'
[1.228s] Level 1:colcon.colcon_core.environment:checking '/workspace/referee_serial/install/serial/lib'
[1.228s] Level 1:colcon.colcon_core.shell:create_environment_hook('serial', 'ld_library_path_lib')
[1.239s] INFO:colcon.colcon_core.shell:Creating environment hook '/workspace/referee_serial/install/serial/share/serial/hook/ld_library_path_lib.ps1'
[1.239s] INFO:colcon.colcon_core.shell:Creating environment descriptor '/workspace/referee_serial/install/serial/share/serial/hook/ld_library_path_lib.dsv'
[1.240s] INFO:colcon.colcon_core.shell:Creating environment hook '/workspace/referee_serial/install/serial/share/serial/hook/ld_library_path_lib.sh'
[1.240s] Level 1:colcon.colcon_core.environment:checking '/workspace/referee_serial/install/serial/bin'
[1.240s] Level 1:colcon.colcon_core.environment:checking '/workspace/referee_serial/install/serial/lib/pkgconfig/serial.pc'
[1.242s] Level 1:colcon.colcon_core.environment:checking '/workspace/referee_serial/install/serial/lib/python3.10/site-packages'
[1.242s] Level 1:colcon.colcon_core.environment:checking '/workspace/referee_serial/install/serial/bin'
[1.252s] INFO:colcon.colcon_core.shell:Creating package script '/workspace/referee_serial/install/serial/share/serial/package.ps1'
[1.253s] INFO:colcon.colcon_core.shell:Creating package descriptor '/workspace/referee_serial/install/serial/share/serial/package.dsv'
[1.254s] INFO:colcon.colcon_core.shell:Creating package script '/workspace/referee_serial/install/serial/share/serial/package.sh'
[1.255s] INFO:colcon.colcon_core.shell:Creating package script '/workspace/referee_serial/install/serial/share/serial/package.bash'
[1.256s] INFO:colcon.colcon_core.shell:Creating package script '/workspace/referee_serial/install/serial/share/serial/package.zsh'
[1.257s] Level 1:colcon.colcon_core.environment:create_file_with_runtime_dependencies(/workspace/referee_serial/install/serial/share/colcon-core/packages/serial)
[1.298s] Level 1:colcon.colcon_core.environment:create_environment_scripts_only(serial)
[1.307s] Level 1:colcon.colcon_core.environment:checking '/workspace/referee_serial/install/serial' for CMake module files
[1.307s] Level 1:colcon.colcon_core.environment:checking '/workspace/referee_serial/install/serial' for CMake config files
[1.307s] Level 1:colcon.colcon_core.shell:create_environment_hook('serial', 'cmake_prefix_path')
[1.317s] INFO:colcon.colcon_core.shell:Creating environment hook '/workspace/referee_serial/install/serial/share/serial/hook/cmake_prefix_path.ps1'
[1.318s] INFO:colcon.colcon_core.shell:Creating environment descriptor '/workspace/referee_serial/install/serial/share/serial/hook/cmake_prefix_path.dsv'
[1.318s] INFO:colcon.colcon_core.shell:Creating environment hook '/workspace/referee_serial/install/serial/share/serial/hook/cmake_prefix_path.sh'
[1.319s] Level 1:colcon.colcon_core.environment:checking '/workspace/referee_serial/install/serial/lib'
[1.319s] Level 1:colcon.colcon_core.shell:create_environment_hook('serial', 'ld_library_path_lib')
[1.327s] INFO:colcon.colcon_core.shell:Creating environment hook '/workspace/referee_serial/install/serial/share/serial/hook/ld_library_path_lib.ps1'
[1.328s] INFO:colcon.colcon_core.shell:Creating environment descriptor '/workspace/referee_serial/install/serial/share/serial/hook/ld_library_path_lib.dsv'
[1.328s] INFO:colcon.colcon_core.shell:Creating environment hook '/workspace/referee_serial/install/serial/share/serial/hook/ld_library_path_lib.sh'
[1.328s] Level 1:colcon.colcon_core.environment:checking '/workspace/referee_serial/install/serial/bin'
[1.329s] Level 1:colcon.colcon_core.environment:checking '/workspace/referee_serial/install/serial/lib/pkgconfig/serial.pc'
[1.329s] Level 1:colcon.colcon_core.environment:checking '/workspace/referee_serial/install/serial/lib/python3.10/site-packages'
[1.329s] Level 1:colcon.colcon_core.environment:checking '/workspace/referee_serial/install/serial/bin'
[1.338s] INFO:colcon.colcon_core.shell:Creating package script '/workspace/referee_serial/install/serial/share/serial/package.ps1'
[1.340s] INFO:colcon.colcon_core.shell:Creating package descriptor '/workspace/referee_serial/install/serial/share/serial/package.dsv'
[1.340s] INFO:colcon.colcon_core.shell:Creating package script '/workspace/referee_serial/install/serial/share/serial/package.sh'
[1.341s] INFO:colcon.colcon_core.shell:Creating package script '/workspace/referee_serial/install/serial/share/serial/package.bash'
[1.341s] INFO:colcon.colcon_core.shell:Creating package script '/workspace/referee_serial/install/serial/share/serial/package.zsh'
[1.342s] Level 1:colcon.colcon_core.environment:create_file_with_runtime_dependencies(/workspace/referee_serial/install/serial/share/colcon-core/packages/serial)
[1.342s] INFO:colcon.colcon_ros.task.ament_cmake.build:Building ROS package in '/workspace/referee_serial/src/referee-serial' with build type 'ament_cmake'
[1.343s] INFO:colcon.colcon_cmake.task.cmake.build:Building CMake package in '/workspace/referee_serial/src/referee-serial'
[1.356s] INFO:colcon.colcon_core.shell:Skip shell extension 'powershell' for command environment: Not usable outside of PowerShell
[1.356s] DEBUG:colcon.colcon_core.shell:Skip shell extension 'dsv' for command environment
[1.387s] DEBUG:colcon.colcon_core.event_handler.log_command:Invoking command in '/workspace/referee_serial/build/referee-serial': AMENT_PREFIX_PATH=/workspace/referee_serial/install/serial:${AMENT_PREFIX_PATH} CMAKE_PREFIX_PATH=/workspace/referee_serial/install/serial:/workspace/referee_serial/src/install/referee_serial:/workspace/referee_serial/src/install/serial:/opt/ros/humble LD_LIBRARY_PATH=/workspace/referee_serial/install/serial/lib:${LD_LIBRARY_PATH} /usr/bin/cmake /workspace/referee_serial/src/referee-serial -DAMENT_CMAKE_SYMLINK_INSTALL=1 -DCMAKE_INSTALL_PREFIX=/workspace/referee_serial/install/referee-serial
[2.853s] DEBUG:colcon.colcon_core.event_handler.log_command:Invoked command in '/workspace/referee_serial/build/referee-serial' returned '0': AMENT_PREFIX_PATH=/workspace/referee_serial/install/serial:${AMENT_PREFIX_PATH} CMAKE_PREFIX_PATH=/workspace/referee_serial/install/serial:/workspace/referee_serial/src/install/referee_serial:/workspace/referee_serial/src/install/serial:/opt/ros/humble LD_LIBRARY_PATH=/workspace/referee_serial/install/serial/lib:${LD_LIBRARY_PATH} /usr/bin/cmake /workspace/referee_serial/src/referee-serial -DAMENT_CMAKE_SYMLINK_INSTALL=1 -DCMAKE_INSTALL_PREFIX=/workspace/referee_serial/install/referee-serial
[2.854s] DEBUG:colcon.colcon_core.event_handler.log_command:Invoking command in '/workspace/referee_serial/build/referee-serial': AMENT_PREFIX_PATH=/workspace/referee_serial/install/serial:${AMENT_PREFIX_PATH} CMAKE_PREFIX_PATH=/workspace/referee_serial/install/serial:/workspace/referee_serial/src/install/referee_serial:/workspace/referee_serial/src/install/serial:/opt/ros/humble LD_LIBRARY_PATH=/workspace/referee_serial/install/serial/lib:${LD_LIBRARY_PATH} /usr/bin/cmake --build /workspace/referee_serial/build/referee-serial -- -j16 -l16
[6.945s] DEBUG:colcon.colcon_core.event_handler.log_command:Invoked command in '/workspace/referee_serial/build/referee-serial' returned '0': AMENT_PREFIX_PATH=/workspace/referee_serial/install/serial:${AMENT_PREFIX_PATH} CMAKE_PREFIX_PATH=/workspace/referee_serial/install/serial:/workspace/referee_serial/src/install/referee_serial:/workspace/referee_serial/src/install/serial:/opt/ros/humble LD_LIBRARY_PATH=/workspace/referee_serial/install/serial/lib:${LD_LIBRARY_PATH} /usr/bin/cmake --build /workspace/referee_serial/build/referee-serial -- -j16 -l16
[6.971s] DEBUG:colcon.colcon_core.event_handler.log_command:Invoking command in '/workspace/referee_serial/build/referee-serial': AMENT_PREFIX_PATH=/workspace/referee_serial/install/serial:${AMENT_PREFIX_PATH} CMAKE_PREFIX_PATH=/workspace/referee_serial/install/serial:/workspace/referee_serial/src/install/referee_serial:/workspace/referee_serial/src/install/serial:/opt/ros/humble LD_LIBRARY_PATH=/workspace/referee_serial/install/serial/lib:${LD_LIBRARY_PATH} /usr/bin/cmake --install /workspace/referee_serial/build/referee-serial
[7.128s] Level 1:colcon.colcon_core.environment:create_environment_scripts_only(referee-serial)
[7.130s] DEBUG:colcon.colcon_core.event_handler.log_command:Invoked command in '/workspace/referee_serial/build/referee-serial' returned '0': AMENT_PREFIX_PATH=/workspace/referee_serial/install/serial:${AMENT_PREFIX_PATH} CMAKE_PREFIX_PATH=/workspace/referee_serial/install/serial:/workspace/referee_serial/src/install/referee_serial:/workspace/referee_serial/src/install/serial:/opt/ros/humble LD_LIBRARY_PATH=/workspace/referee_serial/install/serial/lib:${LD_LIBRARY_PATH} /usr/bin/cmake --install /workspace/referee_serial/build/referee-serial
[7.138s] Level 1:colcon.colcon_core.environment:checking '/workspace/referee_serial/install/referee-serial' for CMake module files
[7.139s] Level 1:colcon.colcon_core.environment:checking '/workspace/referee_serial/install/referee-serial' for CMake config files
[7.139s] Level 1:colcon.colcon_core.shell:create_environment_hook('referee-serial', 'cmake_prefix_path')
[7.147s] INFO:colcon.colcon_core.shell:Creating environment hook '/workspace/referee_serial/install/referee-serial/share/referee-serial/hook/cmake_prefix_path.ps1'
[7.148s] INFO:colcon.colcon_core.shell:Creating environment descriptor '/workspace/referee_serial/install/referee-serial/share/referee-serial/hook/cmake_prefix_path.dsv'
[7.148s] INFO:colcon.colcon_core.shell:Creating environment hook '/workspace/referee_serial/install/referee-serial/share/referee-serial/hook/cmake_prefix_path.sh'
[7.149s] Level 1:colcon.colcon_core.environment:checking '/workspace/referee_serial/install/referee-serial/lib'
[7.149s] Level 1:colcon.colcon_core.environment:checking '/workspace/referee_serial/install/referee-serial/bin'
[7.149s] Level 1:colcon.colcon_core.environment:checking '/workspace/referee_serial/install/referee-serial/lib/pkgconfig/referee-serial.pc'
[7.149s] Level 1:colcon.colcon_core.environment:checking '/workspace/referee_serial/install/referee-serial/lib/python3.10/site-packages'
[7.149s] Level 1:colcon.colcon_core.environment:checking '/workspace/referee_serial/install/referee-serial/bin'
[7.158s] INFO:colcon.colcon_core.shell:Creating package script '/workspace/referee_serial/install/referee-serial/share/referee-serial/package.ps1'
[7.159s] INFO:colcon.colcon_core.shell:Creating package descriptor '/workspace/referee_serial/install/referee-serial/share/referee-serial/package.dsv'
[7.159s] INFO:colcon.colcon_core.shell:Creating package script '/workspace/referee_serial/install/referee-serial/share/referee-serial/package.sh'
[7.160s] INFO:colcon.colcon_core.shell:Creating package script '/workspace/referee_serial/install/referee-serial/share/referee-serial/package.bash'
[7.160s] INFO:colcon.colcon_core.shell:Creating package script '/workspace/referee_serial/install/referee-serial/share/referee-serial/package.zsh'
[7.160s] Level 1:colcon.colcon_core.environment:create_file_with_runtime_dependencies(/workspace/referee_serial/install/referee-serial/share/colcon-core/packages/referee-serial)
[7.198s] Level 1:colcon.colcon_core.environment:create_environment_scripts_only(referee-serial)
[7.207s] Level 1:colcon.colcon_core.environment:checking '/workspace/referee_serial/install/referee-serial' for CMake module files
[7.208s] Level 1:colcon.colcon_core.environment:checking '/workspace/referee_serial/install/referee-serial' for CMake config files
[7.208s] Level 1:colcon.colcon_core.shell:create_environment_hook('referee-serial', 'cmake_prefix_path')
[7.217s] INFO:colcon.colcon_core.shell:Creating environment hook '/workspace/referee_serial/install/referee-serial/share/referee-serial/hook/cmake_prefix_path.ps1'
[7.217s] INFO:colcon.colcon_core.shell:Creating environment descriptor '/workspace/referee_serial/install/referee-serial/share/referee-serial/hook/cmake_prefix_path.dsv'
[7.218s] INFO:colcon.colcon_core.shell:Creating environment hook '/workspace/referee_serial/install/referee-serial/share/referee-serial/hook/cmake_prefix_path.sh'
[7.218s] Level 1:colcon.colcon_core.environment:checking '/workspace/referee_serial/install/referee-serial/lib'
[7.218s] Level 1:colcon.colcon_core.environment:checking '/workspace/referee_serial/install/referee-serial/bin'
[7.219s] Level 1:colcon.colcon_core.environment:checking '/workspace/referee_serial/install/referee-serial/lib/pkgconfig/referee-serial.pc'
[7.219s] Level 1:colcon.colcon_core.environment:checking '/workspace/referee_serial/install/referee-serial/lib/python3.10/site-packages'
[7.219s] Level 1:colcon.colcon_core.environment:checking '/workspace/referee_serial/install/referee-serial/bin'
[7.229s] INFO:colcon.colcon_core.shell:Creating package script '/workspace/referee_serial/install/referee-serial/share/referee-serial/package.ps1'
[7.230s] INFO:colcon.colcon_core.shell:Creating package descriptor '/workspace/referee_serial/install/referee-serial/share/referee-serial/package.dsv'
[7.230s] INFO:colcon.colcon_core.shell:Creating package script '/workspace/referee_serial/install/referee-serial/share/referee-serial/package.sh'
[7.231s] INFO:colcon.colcon_core.shell:Creating package script '/workspace/referee_serial/install/referee-serial/share/referee-serial/package.bash'
[7.231s] INFO:colcon.colcon_core.shell:Creating package script '/workspace/referee_serial/install/referee-serial/share/referee-serial/package.zsh'
[7.232s] Level 1:colcon.colcon_core.environment:create_file_with_runtime_dependencies(/workspace/referee_serial/install/referee-serial/share/colcon-core/packages/referee-serial)
[7.233s] DEBUG:colcon.colcon_parallel_executor.executor.parallel:closing loop
[7.234s] DEBUG:colcon.colcon_parallel_executor.executor.parallel:loop closed
[7.235s] DEBUG:colcon.colcon_parallel_executor.executor.parallel:run_until_complete finished with '0'
[7.235s] DEBUG:colcon.colcon_core.event_reactor:joining thread
[7.250s] INFO:colcon.colcon_core.plugin_system:Skipping extension 'colcon_notification.desktop_notification.notify_send': Could not find 'notify-send'
[7.251s] INFO:colcon.colcon_core.plugin_system:Skipping extension 'colcon_notification.desktop_notification.terminal_notifier': Not used on non-Darwin systems
[7.251s] INFO:colcon.colcon_core.plugin_system:Skipping extension 'colcon_notification.desktop_notification.win32': Not used on non-Windows systems
[7.251s] INFO:colcon.colcon_notification.desktop_notification:Sending desktop notification using 'notify2'
[7.251s] DEBUG:colcon.colcon_notification.desktop_notification.notify2:Failed to initialize notify2: org.freedesktop.DBus.Error.InvalidFileContent: D-Bus library appears to be incorrectly set up: see the manual page for dbus-uuidgen to correct this issue. (Failed to open "/var/lib/dbus/machine-id": No such file or directory; UUID file '/etc/machine-id' should contain a hex string of length 32, not length 0, with no other text)
[7.251s] DEBUG:colcon.colcon_core.event_reactor:joined thread
[7.262s] INFO:colcon.colcon_core.shell:Creating prefix script '/workspace/referee_serial/install/local_setup.ps1'
[7.263s] INFO:colcon.colcon_core.shell:Creating prefix util module '/workspace/referee_serial/install/_local_setup_util_ps1.py'
[7.265s] INFO:colcon.colcon_core.shell:Creating prefix chain script '/workspace/referee_serial/install/setup.ps1'
[7.286s] INFO:colcon.colcon_core.shell:Creating prefix script '/workspace/referee_serial/install/local_setup.sh'
[7.287s] INFO:colcon.colcon_core.shell:Creating prefix util module '/workspace/referee_serial/install/_local_setup_util_sh.py'
[7.288s] INFO:colcon.colcon_core.shell:Creating prefix chain script '/workspace/referee_serial/install/setup.sh'
[7.310s] INFO:colcon.colcon_core.shell:Creating prefix script '/workspace/referee_serial/install/local_setup.bash'
[7.311s] INFO:colcon.colcon_core.shell:Creating prefix chain script '/workspace/referee_serial/install/setup.bash'
[7.329s] INFO:colcon.colcon_core.shell:Creating prefix script '/workspace/referee_serial/install/local_setup.zsh'
[7.330s] INFO:colcon.colcon_core.shell:Creating prefix chain script '/workspace/referee_serial/install/setup.zsh'
