[0.039s] Invoking command in '/workspace/referee_serial/build/referee_serial': AMENT_PREFIX_PATH=/workspace/referee_serial/install/serial:${AMENT_PREFIX_PATH} CMAKE_PREFIX_PATH=/workspace/referee_serial/install/serial:/workspace/referee_serial/src/install/referee_serial:/workspace/referee_serial/src/install/serial:/opt/ros/humble LD_LIBRARY_PATH=/workspace/referee_serial/install/serial/lib:${LD_LIBRARY_PATH} /usr/bin/cmake /workspace/referee_serial/src/referee-serial -DAMENT_CMAKE_SYMLINK_INSTALL=1 -DCMAKE_INSTALL_PREFIX=/workspace/referee_serial/install/referee_serial
[0.092s] -- The C compiler identification is GNU 11.4.0
[0.144s] -- The CXX compiler identification is GNU 11.4.0
[0.149s] -- Detecting C compiler ABI info
[0.213s] -- Detecting C compiler ABI info - done
[0.220s] -- Check for working C compiler: /usr/bin/cc - skipped
[0.221s] -- Detecting C compile features
[0.221s] -- Detecting C compile features - done
[0.224s] -- Detecting CXX compiler ABI info
[0.297s] -- Detecting CXX compiler ABI info - done
[0.304s] -- Check for working CXX compiler: /usr/bin/c++ - skipped
[0.304s] -- Detecting CXX compile features
[0.305s] -- Detecting CXX compile features - done
[0.306s] -- Found ament_cmake_auto: 1.3.8 (/opt/ros/humble/share/ament_cmake_auto/cmake)
[0.437s] -- Found Python3: /usr/bin/python3 (found version "3.10.12") found components: Interpreter 
[0.516s] -- Override CMake install command with custom implementation using symlinks instead of copying resources
[0.606s] [31mCMake Error at /opt/ros/humble/share/ament_cmake_core/cmake/core/ament_package_xml.cmake:53 (message):
[0.607s]   ament_package_xml() package name 'referee_serial' in '/package.xml' does
[0.607s]   not match current PROJECT_NAME 'referee-serial'.  You must call project()
[0.607s]   with the same package name before.
[0.607s] Call Stack (most recent call first):
[0.608s]   /opt/ros/humble/share/ament_cmake_auto/cmake/ament_auto_find_build_dependencies.cmake:42 (ament_package_xml)
[0.608s]   CMakeLists.txt:13 (ament_auto_find_build_dependencies)
[0.608s] 
[0.608s] [0m
[0.608s] -- Configuring incomplete, errors occurred!
[0.608s] See also "/workspace/referee_serial/build/referee_serial/CMakeFiles/CMakeOutput.log".
[0.613s] Invoked command in '/workspace/referee_serial/build/referee_serial' returned '1': AMENT_PREFIX_PATH=/workspace/referee_serial/install/serial:${AMENT_PREFIX_PATH} CMAKE_PREFIX_PATH=/workspace/referee_serial/install/serial:/workspace/referee_serial/src/install/referee_serial:/workspace/referee_serial/src/install/serial:/opt/ros/humble LD_LIBRARY_PATH=/workspace/referee_serial/install/serial/lib:${LD_LIBRARY_PATH} /usr/bin/cmake /workspace/referee_serial/src/referee-serial -DAMENT_CMAKE_SYMLINK_INSTALL=1 -DCMAKE_INSTALL_PREFIX=/workspace/referee_serial/install/referee_serial
