[0.048s] Invoking command in '/workspace/referee_serial/build/serial': CMAKE_PREFIX_PATH=${CMAKE_PREFIX_PATH}:/opt/ros/humble /usr/bin/cmake --build /workspace/referee_serial/build/serial -- -j16 -l16
[0.099s] [100%] Built target serial
[0.113s] Invoked command in '/workspace/referee_serial/build/serial' returned '0': CMAKE_PREFIX_PATH=${CMAKE_PREFIX_PATH}:/opt/ros/humble /usr/bin/cmake --build /workspace/referee_serial/build/serial -- -j16 -l16
[0.151s] Invoking command in '/workspace/referee_serial/build/serial': CMAKE_PREFIX_PATH=${CMAKE_PREFIX_PATH}:/opt/ros/humble /usr/bin/cmake --install /workspace/referee_serial/build/serial
[0.157s] -- Install configuration: ""
[0.157s] -- Execute custom install script
[0.157s] -- Up-to-date symlink: /workspace/referee_serial/install/serial/include/serial/impl/unix.h
[0.158s] -- Up-to-date symlink: /workspace/referee_serial/install/serial/include/serial/impl/win.h
[0.158s] -- Up-to-date symlink: /workspace/referee_serial/install/serial/include/serial/serial.h
[0.158s] -- Up-to-date symlink: /workspace/referee_serial/install/serial/include/serial/v8stdint.h
[0.158s] -- Up-to-date symlink: /workspace/referee_serial/install/serial/share/serial/environment/library_path.sh
[0.159s] -- Up-to-date symlink: /workspace/referee_serial/install/serial/share/serial/environment/library_path.dsv
[0.159s] -- Up-to-date symlink: /workspace/referee_serial/install/serial/lib/libserial.so
[0.159s] -- Up-to-date symlink: /workspace/referee_serial/install/serial/share/ament_index/resource_index/package_run_dependencies/serial
[0.159s] -- Up-to-date symlink: /workspace/referee_serial/install/serial/share/ament_index/resource_index/parent_prefix_path/serial
[0.160s] -- Up-to-date symlink: /workspace/referee_serial/install/serial/share/serial/environment/ament_prefix_path.sh
[0.160s] -- Up-to-date symlink: /workspace/referee_serial/install/serial/share/serial/environment/ament_prefix_path.dsv
[0.160s] -- Up-to-date symlink: /workspace/referee_serial/install/serial/share/serial/environment/path.sh
[0.160s] -- Up-to-date symlink: /workspace/referee_serial/install/serial/share/serial/environment/path.dsv
[0.161s] -- Up-to-date symlink: /workspace/referee_serial/install/serial/share/serial/local_setup.bash
[0.161s] -- Up-to-date symlink: /workspace/referee_serial/install/serial/share/serial/local_setup.sh
[0.161s] -- Up-to-date symlink: /workspace/referee_serial/install/serial/share/serial/local_setup.zsh
[0.161s] -- Up-to-date symlink: /workspace/referee_serial/install/serial/share/serial/local_setup.dsv
[0.161s] -- Symlinking: /workspace/referee_serial/install/serial/share/serial/package.dsv
[0.169s] -- Up-to-date symlink: /workspace/referee_serial/install/serial/share/ament_index/resource_index/packages/serial
[0.170s] -- Up-to-date symlink: /workspace/referee_serial/install/serial/share/serial/cmake/ament_cmake_export_include_directories-extras.cmake
[0.170s] -- Up-to-date symlink: /workspace/referee_serial/install/serial/share/serial/cmake/ament_cmake_export_libraries-extras.cmake
[0.170s] -- Up-to-date symlink: /workspace/referee_serial/install/serial/share/serial/cmake/serialConfig.cmake
[0.171s] -- Up-to-date symlink: /workspace/referee_serial/install/serial/share/serial/cmake/serialConfig-version.cmake
[0.171s] -- Up-to-date symlink: /workspace/referee_serial/install/serial/share/serial/package.xml
[0.175s] Invoked command in '/workspace/referee_serial/build/serial' returned '0': CMAKE_PREFIX_PATH=${CMAKE_PREFIX_PATH}:/opt/ros/humble /usr/bin/cmake --install /workspace/referee_serial/build/serial
